[trio-box] iter    0  mean_ep_reward=-306.182  valid_placed=0.097  valid_rate=0.097  fraction_placed=1.000  n_eps=206
[trio-box] iter    1  mean_ep_reward=-1667.295  valid_placed=0.026  valid_rate=0.026  fraction_placed=1.000  n_eps=234
[trio-box] iter    2  mean_ep_reward=-1192.022  valid_placed=0.043  valid_rate=0.043  fraction_placed=1.000  n_eps=184
[trio-box] iter    3  mean_ep_reward=-743.626  valid_placed=0.083  valid_rate=0.087  fraction_placed=0.996  n_eps=161
[trio-box] iter    4  mean_ep_reward=-1116.571  valid_placed=0.102  valid_rate=0.108  fraction_placed=0.994  n_eps=167
[trio-box] iter    5  mean_ep_reward=-605.102  valid_placed=0.110  valid_rate=0.128  fraction_placed=0.982  n_eps=148
[trio-box] iter    6  mean_ep_reward=-418.820  valid_placed=0.192  valid_rate=0.240  fraction_placed=0.950  n_eps=146
[trio-box] iter    7  mean_ep_reward=-1101.700  valid_placed=0.050  valid_rate=0.098  fraction_placed=0.952  n_eps=153
[trio-box] iter    8  mean_ep_reward=-1494.303  valid_placed=0.084  valid_rate=0.118  fraction_placed=0.967  n_eps=170
[trio-box] iter    9  mean_ep_reward=-613.993  valid_placed=0.177  valid_rate=0.182  fraction_placed=0.995  n_eps=143
[trio-box] iter   10  mean_ep_reward=-528.883  valid_placed=0.123  valid_rate=0.130  fraction_placed=0.993  n_eps=146
[trio-box] iter   11  mean_ep_reward=-1355.678  valid_placed=0.114  valid_rate=0.139  fraction_placed=0.976  n_eps=166
[trio-box] iter   12  mean_ep_reward=-2230.157  valid_placed=0.046  valid_rate=0.050  fraction_placed=0.997  n_eps=202
[trio-box] iter   13  mean_ep_reward=-1495.753  valid_placed=0.071  valid_rate=0.080  fraction_placed=0.991  n_eps=188
[trio-box] iter   14  mean_ep_reward=-1012.978  valid_placed=0.146  valid_rate=0.152  fraction_placed=0.994  n_eps=158
[trio-box] iter   15  mean_ep_reward=-462.850  valid_placed=0.171  valid_rate=0.192  fraction_placed=0.979  n_eps=146
[trio-box] iter   16  mean_ep_reward=-1166.813  valid_placed=0.064  valid_rate=0.082  fraction_placed=0.982  n_eps=171
[trio-box] iter   17  mean_ep_reward=-435.760  valid_placed=0.158  valid_rate=0.169  fraction_placed=0.990  n_eps=160
[trio-box] iter   18  mean_ep_reward=-335.304  valid_placed=0.134  valid_rate=0.134  fraction_placed=1.000  n_eps=164
[trio-box] iter   19  mean_ep_reward=-1082.172  valid_placed=0.091  valid_rate=0.091  fraction_placed=1.000  n_eps=164
[trio-box] iter   20  mean_ep_reward=-440.171  valid_placed=0.204  valid_rate=0.217  fraction_placed=0.987  n_eps=152
[trio-box] iter   21  mean_ep_reward=-927.580  valid_placed=0.130  valid_rate=0.147  fraction_placed=0.983  n_eps=156
[trio-box] iter   22  mean_ep_reward=-437.217  valid_placed=0.172  valid_rate=0.188  fraction_placed=0.980  n_eps=149
[trio-box] iter   23  mean_ep_reward=-706.233  valid_placed=0.177  valid_rate=0.188  fraction_placed=0.990  n_eps=160
[trio-box] iter   24  mean_ep_reward=-434.515  valid_placed=0.209  valid_rate=0.222  fraction_placed=0.987  n_eps=153
[trio-box] iter   25  mean_ep_reward=-552.487  valid_placed=0.129  valid_rate=0.135  fraction_placed=0.994  n_eps=163
[trio-box] iter   26  mean_ep_reward=-441.097  valid_placed=0.138  valid_rate=0.138  fraction_placed=1.000  n_eps=174
[trio-box] iter   27  mean_ep_reward=-299.600  valid_placed=0.133  valid_rate=0.133  fraction_placed=1.000  n_eps=165
[trio-box] iter   28  mean_ep_reward=-252.178  valid_placed=0.157  valid_rate=0.157  fraction_placed=1.000  n_eps=166
[trio-box] iter   29  mean_ep_reward=-233.998  valid_placed=0.273  valid_rate=0.273  fraction_placed=1.000  n_eps=150
[trio-box] iter   30  mean_ep_reward=-1008.076  valid_placed=0.088  valid_rate=0.088  fraction_placed=1.000  n_eps=171
[trio-box] iter   31  mean_ep_reward=-2018.160  valid_placed=0.056  valid_rate=0.056  fraction_placed=1.000  n_eps=214
[trio-box] iter   32  mean_ep_reward=-666.522  valid_placed=0.155  valid_rate=0.162  fraction_placed=0.989  n_eps=148
[trio-box] iter   33  mean_ep_reward=-1287.707  valid_placed=0.107  valid_rate=0.107  fraction_placed=1.000  n_eps=206
[trio-box] iter   34  mean_ep_reward=-1220.772  valid_placed=0.077  valid_rate=0.077  fraction_placed=1.000  n_eps=208
[trio-box] iter   35  mean_ep_reward=-527.913  valid_placed=0.163  valid_rate=0.163  fraction_placed=1.000  n_eps=178
[trio-box] iter   36  mean_ep_reward=-692.880  valid_placed=0.153  valid_rate=0.153  fraction_placed=1.000  n_eps=177
[trio-box] iter   37  mean_ep_reward=-720.596  valid_placed=0.198  valid_rate=0.198  fraction_placed=1.000  n_eps=187
[trio-box] iter   38  mean_ep_reward=-156.713  valid_placed=0.275  valid_rate=0.275  fraction_placed=1.000  n_eps=189
[trio-box] iter   39  mean_ep_reward=-236.508  valid_placed=0.237  valid_rate=0.237  fraction_placed=1.000  n_eps=207
[trio-box] iter   40  mean_ep_reward=-67.603  valid_placed=0.294  valid_rate=0.294  fraction_placed=1.000  n_eps=204
[trio-box] iter   41  mean_ep_reward=-666.694  valid_placed=0.188  valid_rate=0.188  fraction_placed=1.000  n_eps=224
[trio-box] iter   42  mean_ep_reward=-451.850  valid_placed=0.183  valid_rate=0.183  fraction_placed=1.000  n_eps=224
[trio-box] iter   43  mean_ep_reward=-422.036  valid_placed=0.208  valid_rate=0.208  fraction_placed=1.000  n_eps=226
[trio-box] iter   44  mean_ep_reward=-623.619  valid_placed=0.174  valid_rate=0.174  fraction_placed=1.000  n_eps=224
[trio-box] iter   45  mean_ep_reward=-478.181  valid_placed=0.184  valid_rate=0.184  fraction_placed=1.000  n_eps=223
[trio-box] iter   46  mean_ep_reward=-389.251  valid_placed=0.206  valid_rate=0.206  fraction_placed=1.000  n_eps=228
[trio-box] iter   47  mean_ep_reward=-198.592  valid_placed=0.316  valid_rate=0.316  fraction_placed=1.000  n_eps=215
[trio-box] iter   48  mean_ep_reward=-269.353  valid_placed=0.239  valid_rate=0.239  fraction_placed=1.000  n_eps=222
[trio-box] iter   49  mean_ep_reward=-336.426  valid_placed=0.290  valid_rate=0.290  fraction_placed=1.000  n_eps=238
[trio-box] iter   50  mean_ep_reward=-382.733  valid_placed=0.254  valid_rate=0.254  fraction_placed=1.000  n_eps=256
[trio-box] iter   51  mean_ep_reward=-302.014  valid_placed=0.268  valid_rate=0.268  fraction_placed=1.000  n_eps=272
[trio-box] iter   52  mean_ep_reward=-174.862  valid_placed=0.276  valid_rate=0.276  fraction_placed=1.000  n_eps=246
[trio-box] iter   53  mean_ep_reward=-280.203  valid_placed=0.291  valid_rate=0.291  fraction_placed=1.000  n_eps=261
[trio-box] iter   54  mean_ep_reward=-213.628  valid_placed=0.248  valid_rate=0.248  fraction_placed=1.000  n_eps=242
[trio-box] iter   55  mean_ep_reward=-156.709  valid_placed=0.285  valid_rate=0.285  fraction_placed=1.000  n_eps=256
[trio-box] iter   56  mean_ep_reward=-628.656  valid_placed=0.207  valid_rate=0.207  fraction_placed=1.000  n_eps=275
[trio-box] iter   57  mean_ep_reward=-225.429  valid_placed=0.298  valid_rate=0.298  fraction_placed=1.000  n_eps=262
[trio-box] iter   58  mean_ep_reward=-224.039  valid_placed=0.340  valid_rate=0.340  fraction_placed=1.000  n_eps=253
[trio-box] iter   59  mean_ep_reward=-77.777  valid_placed=0.431  valid_rate=0.431  fraction_placed=1.000  n_eps=253
[trio-box] iter   60  mean_ep_reward=-97.984  valid_placed=0.365  valid_rate=0.365  fraction_placed=1.000  n_eps=252
[trio-box] iter   61  mean_ep_reward=-19.770  valid_placed=0.397  valid_rate=0.397  fraction_placed=1.000  n_eps=242
[trio-box] iter   62  mean_ep_reward=-128.270  valid_placed=0.391  valid_rate=0.391  fraction_placed=1.000  n_eps=258
[trio-box] iter   63  mean_ep_reward=-50.965  valid_placed=0.406  valid_rate=0.406  fraction_placed=1.000  n_eps=266
[trio-box] iter   64  mean_ep_reward=+24.754  valid_placed=0.431  valid_rate=0.431  fraction_placed=1.000  n_eps=255
[trio-box] iter   65  mean_ep_reward=-15.788  valid_placed=0.409  valid_rate=0.409  fraction_placed=1.000  n_eps=252
[trio-box] iter   66  mean_ep_reward=+52.325  valid_placed=0.425  valid_rate=0.425  fraction_placed=1.000  n_eps=233
[trio-box] iter   67  mean_ep_reward=+32.314  valid_placed=0.430  valid_rate=0.430  fraction_placed=1.000  n_eps=237
[trio-box] iter   68  mean_ep_reward=-0.980  valid_placed=0.403  valid_rate=0.403  fraction_placed=1.000  n_eps=238
[trio-box] iter   69  mean_ep_reward=+65.455  valid_placed=0.459  valid_rate=0.459  fraction_placed=1.000  n_eps=231
[trio-box] iter   70  mean_ep_reward=+55.878  valid_placed=0.500  valid_rate=0.500  fraction_placed=1.000  n_eps=230
[trio-box] iter   71  mean_ep_reward=-98.518  valid_placed=0.272  valid_rate=0.272  fraction_placed=1.000  n_eps=243
[trio-box] iter   72  mean_ep_reward=-28.012  valid_placed=0.407  valid_rate=0.407  fraction_placed=1.000  n_eps=231
[trio-box] iter   73  mean_ep_reward=+54.167  valid_placed=0.462  valid_rate=0.466  fraction_placed=0.996  n_eps=223
[trio-box] iter   74  mean_ep_reward=+67.104  valid_placed=0.489  valid_rate=0.489  fraction_placed=1.000  n_eps=219
[trio-box] iter   75  mean_ep_reward=+38.821  valid_placed=0.476  valid_rate=0.481  fraction_placed=0.995  n_eps=212
[trio-box] iter   76  mean_ep_reward=+41.293  valid_placed=0.505  valid_rate=0.527  fraction_placed=0.977  n_eps=222
[trio-box] iter   77  mean_ep_reward=+43.836  valid_placed=0.434  valid_rate=0.434  fraction_placed=1.000  n_eps=219
[trio-box] iter   78  mean_ep_reward=+27.653  valid_placed=0.446  valid_rate=0.446  fraction_placed=1.000  n_eps=224
[trio-box] iter   79  mean_ep_reward=+53.847  valid_placed=0.430  valid_rate=0.430  fraction_placed=1.000  n_eps=223
[trio-box] iter   80  mean_ep_reward=+11.970  valid_placed=0.451  valid_rate=0.451  fraction_placed=1.000  n_eps=215
[trio-box] iter   81  mean_ep_reward=-6.699  valid_placed=0.395  valid_rate=0.395  fraction_placed=1.000  n_eps=220
[trio-box] iter   82  mean_ep_reward=+44.948  valid_placed=0.378  valid_rate=0.378  fraction_placed=1.000  n_eps=222
[trio-box] iter   83  mean_ep_reward=+0.085  valid_placed=0.448  valid_rate=0.448  fraction_placed=1.000  n_eps=223
[trio-box] iter   84  mean_ep_reward=+6.892  valid_placed=0.453  valid_rate=0.453  fraction_placed=1.000  n_eps=232
[trio-box] iter   85  mean_ep_reward=+46.644  valid_placed=0.410  valid_rate=0.415  fraction_placed=0.996  n_eps=229
[trio-box] iter   86  mean_ep_reward=+10.720  valid_placed=0.471  valid_rate=0.471  fraction_placed=1.000  n_eps=225
[trio-box] iter   87  mean_ep_reward=+48.387  valid_placed=0.407  valid_rate=0.407  fraction_placed=1.000  n_eps=221
[trio-box] iter   88  mean_ep_reward=+13.241  valid_placed=0.369  valid_rate=0.369  fraction_placed=1.000  n_eps=214
[trio-box] iter   89  mean_ep_reward=+58.554  valid_placed=0.458  valid_rate=0.458  fraction_placed=1.000  n_eps=212
[trio-box] iter   90  mean_ep_reward=+64.353  valid_placed=0.460  valid_rate=0.460  fraction_placed=1.000  n_eps=226
[trio-box] iter   91  mean_ep_reward=+64.223  valid_placed=0.515  valid_rate=0.515  fraction_placed=1.000  n_eps=237
[trio-box] iter   92  mean_ep_reward=+28.514  valid_placed=0.510  valid_rate=0.510  fraction_placed=1.000  n_eps=243
[trio-box] iter   93  mean_ep_reward=+42.911  valid_placed=0.504  valid_rate=0.504  fraction_placed=1.000  n_eps=256
[trio-box] iter   94  mean_ep_reward=+4.603  valid_placed=0.433  valid_rate=0.433  fraction_placed=1.000  n_eps=270
[trio-box] iter   95  mean_ep_reward=+9.797  valid_placed=0.485  valid_rate=0.485  fraction_placed=1.000  n_eps=270
[trio-box] iter   96  mean_ep_reward=+61.417  valid_placed=0.524  valid_rate=0.524  fraction_placed=1.000  n_eps=271
[trio-box] iter   97  mean_ep_reward=+51.668  valid_placed=0.455  valid_rate=0.459  fraction_placed=0.996  n_eps=257
[trio-box] iter   98  mean_ep_reward=+43.764  valid_placed=0.453  valid_rate=0.453  fraction_placed=1.000  n_eps=265
[trio-box] iter   99  mean_ep_reward=+1.765  valid_placed=0.432  valid_rate=0.432  fraction_placed=1.000  n_eps=278
[trio-box] iter  100  mean_ep_reward=-38.455  valid_placed=0.436  valid_rate=0.436  fraction_placed=1.000  n_eps=289
[trio-box] iter  101  mean_ep_reward=+42.123  valid_placed=0.507  valid_rate=0.507  fraction_placed=1.000  n_eps=276
[trio-box] iter  102  mean_ep_reward=+42.277  valid_placed=0.527  valid_rate=0.527  fraction_placed=1.000  n_eps=273
[trio-box] iter  103  mean_ep_reward=+40.100  valid_placed=0.630  valid_rate=0.634  fraction_placed=0.996  n_eps=273
[trio-box] iter  104  mean_ep_reward=+72.523  valid_placed=0.594  valid_rate=0.594  fraction_placed=1.000  n_eps=281
[trio-box] iter  105  mean_ep_reward=-74.690  valid_placed=0.412  valid_rate=0.412  fraction_placed=1.000  n_eps=291
[trio-box] iter  106  mean_ep_reward=+69.454  valid_placed=0.580  valid_rate=0.580  fraction_placed=1.000  n_eps=288
[trio-box] iter  107  mean_ep_reward=+75.488  valid_placed=0.660  valid_rate=0.660  fraction_placed=1.000  n_eps=291
[trio-box] iter  108  mean_ep_reward=+81.272  valid_placed=0.570  valid_rate=0.570  fraction_placed=1.000  n_eps=286
[trio-box] iter  109  mean_ep_reward=+67.632  valid_placed=0.534  valid_rate=0.534  fraction_placed=1.000  n_eps=294
[trio-box] iter  110  mean_ep_reward=+64.045  valid_placed=0.568  valid_rate=0.568  fraction_placed=1.000  n_eps=296
[trio-box] iter  111  mean_ep_reward=+30.143  valid_placed=0.603  valid_rate=0.603  fraction_placed=1.000  n_eps=297
[trio-box] iter  112  mean_ep_reward=+76.782  valid_placed=0.709  valid_rate=0.709  fraction_placed=1.000  n_eps=282
[trio-box] iter  113  mean_ep_reward=+85.224  valid_placed=0.634  valid_rate=0.634  fraction_placed=1.000  n_eps=262
[trio-box] iter  114  mean_ep_reward=+87.921  valid_placed=0.543  valid_rate=0.543  fraction_placed=1.000  n_eps=269
[trio-box] iter  115  mean_ep_reward=+94.230  valid_placed=0.631  valid_rate=0.631  fraction_placed=1.000  n_eps=282
[trio-box] iter  116  mean_ep_reward=+105.275  valid_placed=0.677  valid_rate=0.677  fraction_placed=1.000  n_eps=282
[trio-box] iter  117  mean_ep_reward=+70.880  valid_placed=0.607  valid_rate=0.607  fraction_placed=1.000  n_eps=295
[trio-box] iter  118  mean_ep_reward=+95.580  valid_placed=0.676  valid_rate=0.676  fraction_placed=1.000  n_eps=309
[trio-box] iter  119  mean_ep_reward=+91.879  valid_placed=0.632  valid_rate=0.632  fraction_placed=1.000  n_eps=318
[trio-box] iter  120  mean_ep_reward=+6.254  valid_placed=0.536  valid_rate=0.536  fraction_placed=1.000  n_eps=338
[trio-box] iter  121  mean_ep_reward=+21.629  valid_placed=0.513  valid_rate=0.513  fraction_placed=1.000  n_eps=337
[trio-box] iter  122  mean_ep_reward=+45.422  valid_placed=0.582  valid_rate=0.588  fraction_placed=0.994  n_eps=311
[trio-box] iter  123  mean_ep_reward=+91.439  valid_placed=0.625  valid_rate=0.628  fraction_placed=0.997  n_eps=309
[trio-box] iter  124  mean_ep_reward=+51.695  valid_placed=0.598  valid_rate=0.598  fraction_placed=1.000  n_eps=296
[trio-box] iter  125  mean_ep_reward=+22.382  valid_placed=0.631  valid_rate=0.631  fraction_placed=1.000  n_eps=328
[trio-box] iter  126  mean_ep_reward=+37.982  valid_placed=0.533  valid_rate=0.533  fraction_placed=1.000  n_eps=315
[trio-box] iter  127  mean_ep_reward=+59.355  valid_placed=0.667  valid_rate=0.667  fraction_placed=1.000  n_eps=315
[trio-box] iter  128  mean_ep_reward=+94.390  valid_placed=0.711  valid_rate=0.714  fraction_placed=0.997  n_eps=304
[trio-box] iter  129  mean_ep_reward=+82.205  valid_placed=0.691  valid_rate=0.691  fraction_placed=1.000  n_eps=291
[trio-box] iter  130  mean_ep_reward=+58.357  valid_placed=0.609  valid_rate=0.609  fraction_placed=1.000  n_eps=294
[trio-box] iter  131  mean_ep_reward=+84.318  valid_placed=0.622  valid_rate=0.622  fraction_placed=1.000  n_eps=283
[trio-box] iter  132  mean_ep_reward=+103.974  valid_placed=0.635  valid_rate=0.635  fraction_placed=1.000  n_eps=263
[trio-box] iter  133  mean_ep_reward=+32.933  valid_placed=0.481  valid_rate=0.481  fraction_placed=1.000  n_eps=297
[trio-box] iter  134  mean_ep_reward=+56.427  valid_placed=0.535  valid_rate=0.535  fraction_placed=1.000  n_eps=299
[trio-box] iter  135  mean_ep_reward=+25.911  valid_placed=0.577  valid_rate=0.577  fraction_placed=1.000  n_eps=331
[trio-box] iter  136  mean_ep_reward=+90.350  valid_placed=0.656  valid_rate=0.656  fraction_placed=1.000  n_eps=323
[trio-box] iter  137  mean_ep_reward=+86.595  valid_placed=0.585  valid_rate=0.585  fraction_placed=1.000  n_eps=328
[trio-box] iter  138  mean_ep_reward=+85.538  valid_placed=0.628  valid_rate=0.628  fraction_placed=1.000  n_eps=320
[trio-box] iter  139  mean_ep_reward=+101.465  valid_placed=0.685  valid_rate=0.685  fraction_placed=1.000  n_eps=333
[trio-box] iter  140  mean_ep_reward=+95.973  valid_placed=0.692  valid_rate=0.692  fraction_placed=1.000  n_eps=331
[trio-box] iter  141  mean_ep_reward=+97.935  valid_placed=0.680  valid_rate=0.680  fraction_placed=1.000  n_eps=338
[trio-box] iter  142  mean_ep_reward=+91.586  valid_placed=0.623  valid_rate=0.623  fraction_placed=1.000  n_eps=324
[trio-box] iter  143  mean_ep_reward=+77.666  valid_placed=0.575  valid_rate=0.575  fraction_placed=1.000  n_eps=332
[trio-box] iter  144  mean_ep_reward=+80.418  valid_placed=0.646  valid_rate=0.646  fraction_placed=1.000  n_eps=333
[trio-box] iter  145  mean_ep_reward=+64.576  valid_placed=0.692  valid_rate=0.692  fraction_placed=1.000  n_eps=341
[trio-box] iter  146  mean_ep_reward=+61.500  valid_placed=0.622  valid_rate=0.622  fraction_placed=1.000  n_eps=370
[trio-box] iter  147  mean_ep_reward=+74.827  valid_placed=0.698  valid_rate=0.698  fraction_placed=1.000  n_eps=338
[trio-box] iter  148  mean_ep_reward=+117.437  valid_placed=0.735  valid_rate=0.738  fraction_placed=0.997  n_eps=324
[trio-box] iter  149  mean_ep_reward=+76.998  valid_placed=0.581  valid_rate=0.581  fraction_placed=1.000  n_eps=329
[trio-box] iter  150  mean_ep_reward=+38.280  valid_placed=0.444  valid_rate=0.444  fraction_placed=1.000  n_eps=365
[trio-box] iter  151  mean_ep_reward=+42.474  valid_placed=0.566  valid_rate=0.566  fraction_placed=1.000  n_eps=348
[trio-box] iter  152  mean_ep_reward=+39.449  valid_placed=0.499  valid_rate=0.504  fraction_placed=0.994  n_eps=353
[trio-box] iter  153  mean_ep_reward=+0.980  valid_placed=0.525  valid_rate=0.528  fraction_placed=0.997  n_eps=362
[trio-box] iter  154  mean_ep_reward=+41.194  valid_placed=0.613  valid_rate=0.613  fraction_placed=1.000  n_eps=357
[trio-box] iter  155  mean_ep_reward=+68.116  valid_placed=0.620  valid_rate=0.620  fraction_placed=1.000  n_eps=363
[trio-box] iter  156  mean_ep_reward=+23.523  valid_placed=0.582  valid_rate=0.582  fraction_placed=1.000  n_eps=371
[trio-box] iter  157  mean_ep_reward=+68.505  valid_placed=0.580  valid_rate=0.580  fraction_placed=1.000  n_eps=350
[trio-box] iter  158  mean_ep_reward=+86.564  valid_placed=0.646  valid_rate=0.646  fraction_placed=1.000  n_eps=356
[trio-box] iter  159  mean_ep_reward=+58.925  valid_placed=0.656  valid_rate=0.656  fraction_placed=1.000  n_eps=363
[trio-box] iter  160  mean_ep_reward=+102.576  valid_placed=0.727  valid_rate=0.727  fraction_placed=1.000  n_eps=363
[trio-box] iter  161  mean_ep_reward=+59.331  valid_placed=0.653  valid_rate=0.653  fraction_placed=1.000  n_eps=357
[trio-box] iter  162  mean_ep_reward=+109.524  valid_placed=0.762  valid_rate=0.762  fraction_placed=1.000  n_eps=361
[trio-box] iter  163  mean_ep_reward=+91.698  valid_placed=0.737  valid_rate=0.737  fraction_placed=1.000  n_eps=372
[trio-box] iter  164  mean_ep_reward=+118.505  valid_placed=0.752  valid_rate=0.752  fraction_placed=1.000  n_eps=371
[trio-box] iter  165  mean_ep_reward=+103.166  valid_placed=0.768  valid_rate=0.768  fraction_placed=1.000  n_eps=353
[trio-box] iter  166  mean_ep_reward=+114.852  valid_placed=0.790  valid_rate=0.790  fraction_placed=1.000  n_eps=352
[trio-box] iter  167  mean_ep_reward=+122.958  valid_placed=0.874  valid_rate=0.874  fraction_placed=1.000  n_eps=348
[trio-box] iter  168  mean_ep_reward=+111.698  valid_placed=0.744  valid_rate=0.744  fraction_placed=1.000  n_eps=363
[trio-box] iter  169  mean_ep_reward=+126.097  valid_placed=0.807  valid_rate=0.807  fraction_placed=1.000  n_eps=353
[trio-box] iter  170  mean_ep_reward=+111.574  valid_placed=0.759  valid_rate=0.759  fraction_placed=1.000  n_eps=361
[trio-box] iter  171  mean_ep_reward=+106.313  valid_placed=0.780  valid_rate=0.780  fraction_placed=1.000  n_eps=345
[trio-box] iter  172  mean_ep_reward=+72.453  valid_placed=0.668  valid_rate=0.668  fraction_placed=1.000  n_eps=334
[trio-box] iter  173  mean_ep_reward=+87.081  valid_placed=0.768  valid_rate=0.768  fraction_placed=1.000  n_eps=358
[trio-box] iter  174  mean_ep_reward=+118.977  valid_placed=0.755  valid_rate=0.755  fraction_placed=1.000  n_eps=322
[trio-box] iter  175  mean_ep_reward=+113.193  valid_placed=0.772  valid_rate=0.772  fraction_placed=1.000  n_eps=351
[trio-box] iter  176  mean_ep_reward=+102.123  valid_placed=0.774  valid_rate=0.774  fraction_placed=1.000  n_eps=359
[trio-box] iter  177  mean_ep_reward=+112.571  valid_placed=0.817  valid_rate=0.817  fraction_placed=1.000  n_eps=355
[trio-box] iter  178  mean_ep_reward=+118.990  valid_placed=0.798  valid_rate=0.798  fraction_placed=1.000  n_eps=337
[trio-box] iter  179  mean_ep_reward=+121.974  valid_placed=0.807  valid_rate=0.807  fraction_placed=1.000  n_eps=367
[trio-box] iter  180  mean_ep_reward=-48.790  valid_placed=0.790  valid_rate=0.790  fraction_placed=1.000  n_eps=376
[trio-box] iter  181  mean_ep_reward=+40.992  valid_placed=0.764  valid_rate=0.764  fraction_placed=1.000  n_eps=368
[trio-box] iter  182  mean_ep_reward=+93.203  valid_placed=0.798  valid_rate=0.798  fraction_placed=1.000  n_eps=357
[trio-box] iter  183  mean_ep_reward=+121.383  valid_placed=0.850  valid_rate=0.850  fraction_placed=1.000  n_eps=361
[trio-box] iter  184  mean_ep_reward=+123.712  valid_placed=0.791  valid_rate=0.791  fraction_placed=1.000  n_eps=345
[trio-box] iter  185  mean_ep_reward=+122.097  valid_placed=0.767  valid_rate=0.767  fraction_placed=1.000  n_eps=339
[trio-box] iter  186  mean_ep_reward=+89.880  valid_placed=0.614  valid_rate=0.614  fraction_placed=1.000  n_eps=337
[trio-box] iter  187  mean_ep_reward=+114.296  valid_placed=0.796  valid_rate=0.798  fraction_placed=0.998  n_eps=336
[trio-box] iter  188  mean_ep_reward=+109.997  valid_placed=0.825  valid_rate=0.825  fraction_placed=1.000  n_eps=343
[trio-box] iter  189  mean_ep_reward=+105.417  valid_placed=0.761  valid_rate=0.761  fraction_placed=1.000  n_eps=352
[trio-box] iter  190  mean_ep_reward=+80.503  valid_placed=0.818  valid_rate=0.818  fraction_placed=1.000  n_eps=358
[trio-box] iter  191  mean_ep_reward=+70.772  valid_placed=0.843  valid_rate=0.843  fraction_placed=1.000  n_eps=383
[trio-box] iter  192  mean_ep_reward=+80.179  valid_placed=0.832  valid_rate=0.832  fraction_placed=1.000  n_eps=375
[trio-box] iter  193  mean_ep_reward=+128.004  valid_placed=0.841  valid_rate=0.841  fraction_placed=1.000  n_eps=358
[trio-box] iter  194  mean_ep_reward=+117.326  valid_placed=0.830  valid_rate=0.833  fraction_placed=0.997  n_eps=341
[trio-box] iter  195  mean_ep_reward=+74.112  valid_placed=0.643  valid_rate=0.643  fraction_placed=1.000  n_eps=347
[trio-box] iter  196  mean_ep_reward=+110.915  valid_placed=0.792  valid_rate=0.792  fraction_placed=1.000  n_eps=332
[trio-box] iter  197  mean_ep_reward=+100.662  valid_placed=0.751  valid_rate=0.751  fraction_placed=1.000  n_eps=373
[trio-box] iter  198  mean_ep_reward=+100.828  valid_placed=0.777  valid_rate=0.777  fraction_placed=1.000  n_eps=395
[trio-box] iter  199  mean_ep_reward=+99.689  valid_placed=0.824  valid_rate=0.824  fraction_placed=1.000  n_eps=393
[trio-box] iter  200  mean_ep_reward=+99.185  valid_placed=0.792  valid_rate=0.792  fraction_placed=1.000  n_eps=394
[trio-box] iter  201  mean_ep_reward=+108.529  valid_placed=0.807  valid_rate=0.807  fraction_placed=1.000  n_eps=383
[trio-box] iter  202  mean_ep_reward=+129.539  valid_placed=0.847  valid_rate=0.847  fraction_placed=1.000  n_eps=373
[trio-box] iter  203  mean_ep_reward=+118.434  valid_placed=0.847  valid_rate=0.847  fraction_placed=1.000  n_eps=380
[trio-box] iter  204  mean_ep_reward=+121.964  valid_placed=0.819  valid_rate=0.819  fraction_placed=1.000  n_eps=360
[trio-box] iter  205  mean_ep_reward=+125.438  valid_placed=0.866  valid_rate=0.866  fraction_placed=1.000  n_eps=380
[trio-box] iter  206  mean_ep_reward=+124.307  valid_placed=0.869  valid_rate=0.869  fraction_placed=1.000  n_eps=383
[trio-box] iter  207  mean_ep_reward=+129.136  valid_placed=0.904  valid_rate=0.904  fraction_placed=1.000  n_eps=405
[trio-box] iter  208  mean_ep_reward=+111.338  valid_placed=0.831  valid_rate=0.831  fraction_placed=1.000  n_eps=397
[trio-box] iter  209  mean_ep_reward=+127.898  valid_placed=0.884  valid_rate=0.884  fraction_placed=1.000  n_eps=388
[trio-box] iter  210  mean_ep_reward=+142.079  valid_placed=0.940  valid_rate=0.940  fraction_placed=1.000  n_eps=352
[trio-box] iter  211  mean_ep_reward=+137.356  valid_placed=0.890  valid_rate=0.890  fraction_placed=1.000  n_eps=391
[trio-box] promoted by competency
