[trio-box] iter    0  mean_ep_reward=-306.182  valid_placed=0.097  valid_rate=0.097  fraction_placed=1.000  n_eps=206
[trio-box] iter    1  mean_ep_reward=-1872.556  valid_placed=0.004  valid_rate=0.004  fraction_placed=1.000  n_eps=246
[trio-box] iter    2  mean_ep_reward=-2025.416  valid_placed=0.002  valid_rate=0.005  fraction_placed=0.997  n_eps=221
[trio-box] iter    3  mean_ep_reward=-2012.547  valid_placed=0.006  valid_rate=0.009  fraction_placed=0.997  n_eps=211
[trio-box] iter    4  mean_ep_reward=-2802.443  valid_placed=0.000  valid_rate=0.000  fraction_placed=1.000  n_eps=225
[trio-box] iter    5  mean_ep_reward=-2609.593  valid_placed=0.004  valid_rate=0.004  fraction_placed=1.000  n_eps=224
[trio-box] iter    6  mean_ep_reward=-2662.586  valid_placed=0.000  valid_rate=0.000  fraction_placed=1.000  n_eps=227
[trio-box] iter    7  mean_ep_reward=-2757.934  valid_placed=0.002  valid_rate=0.009  fraction_placed=0.992  n_eps=221
[trio-box] iter    8  mean_ep_reward=-2218.693  valid_placed=0.000  valid_rate=0.005  fraction_placed=0.995  n_eps=184
[trio-box] iter    9  mean_ep_reward=-2150.260  valid_placed=0.007  valid_rate=0.027  fraction_placed=0.980  n_eps=183
[trio-box] iter   10  mean_ep_reward=-1992.086  valid_placed=0.007  valid_rate=0.048  fraction_placed=0.959  n_eps=187
[trio-box] iter   11  mean_ep_reward=-1890.103  valid_placed=0.011  valid_rate=0.038  fraction_placed=0.973  n_eps=186
[trio-box] iter   12  mean_ep_reward=-1262.060  valid_placed=0.056  valid_rate=0.067  fraction_placed=0.989  n_eps=180
[trio-box] iter   13  mean_ep_reward=-1420.746  valid_placed=0.046  valid_rate=0.046  fraction_placed=1.000  n_eps=194
[trio-box] iter   14  mean_ep_reward=-1260.520  valid_placed=0.075  valid_rate=0.075  fraction_placed=1.000  n_eps=173
[trio-box] iter   15  mean_ep_reward=-1106.235  valid_placed=0.040  valid_rate=0.051  fraction_placed=0.989  n_eps=176
[trio-box] iter   16  mean_ep_reward=-2052.634  valid_placed=0.011  valid_rate=0.011  fraction_placed=1.000  n_eps=182
[trio-box] iter   17  mean_ep_reward=-1592.254  valid_placed=0.036  valid_rate=0.042  fraction_placed=0.994  n_eps=165
[trio-box] iter   18  mean_ep_reward=-1613.287  valid_placed=0.024  valid_rate=0.024  fraction_placed=1.000  n_eps=167
[trio-box] iter   19  mean_ep_reward=-1459.805  valid_placed=0.030  valid_rate=0.051  fraction_placed=0.979  n_eps=157
[trio-box] iter   20  mean_ep_reward=-1535.127  valid_placed=0.065  valid_rate=0.071  fraction_placed=0.994  n_eps=168
[trio-box] iter   21  mean_ep_reward=-1916.747  valid_placed=0.035  valid_rate=0.041  fraction_placed=0.994  n_eps=171
[trio-box] iter   22  mean_ep_reward=-1097.994  valid_placed=0.053  valid_rate=0.071  fraction_placed=0.982  n_eps=170
[trio-box] iter   23  mean_ep_reward=-1153.790  valid_placed=0.093  valid_rate=0.106  fraction_placed=0.988  n_eps=161
[trio-box] iter   24  mean_ep_reward=-1381.575  valid_placed=0.059  valid_rate=0.065  fraction_placed=0.994  n_eps=169
[trio-box] iter   25  mean_ep_reward=-1742.698  valid_placed=0.035  valid_rate=0.035  fraction_placed=1.000  n_eps=202
[trio-box] iter   26  mean_ep_reward=-437.764  valid_placed=0.132  valid_rate=0.132  fraction_placed=1.000  n_eps=167
[trio-box] iter   27  mean_ep_reward=-874.024  valid_placed=0.133  valid_rate=0.133  fraction_placed=1.000  n_eps=181
[trio-box] iter   28  mean_ep_reward=-208.720  valid_placed=0.181  valid_rate=0.190  fraction_placed=0.991  n_eps=147
[trio-box] iter   29  mean_ep_reward=-302.694  valid_placed=0.197  valid_rate=0.197  fraction_placed=1.000  n_eps=142
[trio-box] iter   30  mean_ep_reward=-303.474  valid_placed=0.203  valid_rate=0.203  fraction_placed=1.000  n_eps=148
[trio-box] iter   31  mean_ep_reward=-321.149  valid_placed=0.150  valid_rate=0.156  fraction_placed=0.994  n_eps=160
[trio-box] iter   32  mean_ep_reward=-657.792  valid_placed=0.139  valid_rate=0.139  fraction_placed=1.000  n_eps=173
[trio-box] iter   33  mean_ep_reward=-1274.642  valid_placed=0.072  valid_rate=0.072  fraction_placed=1.000  n_eps=207
[trio-box] iter   34  mean_ep_reward=-907.568  valid_placed=0.151  valid_rate=0.151  fraction_placed=1.000  n_eps=179
[trio-box] iter   35  mean_ep_reward=-628.248  valid_placed=0.195  valid_rate=0.195  fraction_placed=1.000  n_eps=169
[trio-box] iter   36  mean_ep_reward=-499.236  valid_placed=0.228  valid_rate=0.228  fraction_placed=1.000  n_eps=184
[trio-box] iter   37  mean_ep_reward=-157.714  valid_placed=0.301  valid_rate=0.301  fraction_placed=1.000  n_eps=173
[trio-box] iter   38  mean_ep_reward=-156.511  valid_placed=0.288  valid_rate=0.288  fraction_placed=1.000  n_eps=177
[trio-box] iter   39  mean_ep_reward=-76.282  valid_placed=0.335  valid_rate=0.335  fraction_placed=1.000  n_eps=173
[trio-box] iter   40  mean_ep_reward=-243.241  valid_placed=0.202  valid_rate=0.202  fraction_placed=1.000  n_eps=183
[trio-box] iter   41  mean_ep_reward=-384.470  valid_placed=0.192  valid_rate=0.192  fraction_placed=1.000  n_eps=182
[trio-box] iter   42  mean_ep_reward=-640.510  valid_placed=0.172  valid_rate=0.172  fraction_placed=1.000  n_eps=174
[trio-box] iter   43  mean_ep_reward=-220.314  valid_placed=0.267  valid_rate=0.267  fraction_placed=1.000  n_eps=172
[trio-box] iter   44  mean_ep_reward=-132.928  valid_placed=0.277  valid_rate=0.277  fraction_placed=1.000  n_eps=166
[trio-box] iter   45  mean_ep_reward=-84.059  valid_placed=0.237  valid_rate=0.237  fraction_placed=1.000  n_eps=160
[trio-box] iter   46  mean_ep_reward=-112.263  valid_placed=0.344  valid_rate=0.350  fraction_placed=0.994  n_eps=163
[trio-box] iter   47  mean_ep_reward=-475.709  valid_placed=0.229  valid_rate=0.229  fraction_placed=1.000  n_eps=157
[trio-box] iter   48  mean_ep_reward=-1192.166  valid_placed=0.098  valid_rate=0.098  fraction_placed=1.000  n_eps=183
[trio-box] iter   49  mean_ep_reward=-573.171  valid_placed=0.216  valid_rate=0.216  fraction_placed=1.000  n_eps=167
[trio-box] iter   50  mean_ep_reward=-83.638  valid_placed=0.286  valid_rate=0.286  fraction_placed=1.000  n_eps=154
[trio-box] iter   51  mean_ep_reward=-326.284  valid_placed=0.237  valid_rate=0.237  fraction_placed=1.000  n_eps=177
[trio-box] iter   52  mean_ep_reward=-407.962  valid_placed=0.274  valid_rate=0.274  fraction_placed=1.000  n_eps=179
[trio-box] iter   53  mean_ep_reward=-493.904  valid_placed=0.262  valid_rate=0.262  fraction_placed=1.000  n_eps=183
[trio-box] iter   54  mean_ep_reward=-590.449  valid_placed=0.219  valid_rate=0.219  fraction_placed=1.000  n_eps=183
[trio-box] iter   55  mean_ep_reward=-21.950  valid_placed=0.363  valid_rate=0.363  fraction_placed=1.000  n_eps=168
[trio-box] iter   56  mean_ep_reward=-40.764  valid_placed=0.408  valid_rate=0.408  fraction_placed=1.000  n_eps=179
[trio-box] iter   57  mean_ep_reward=-27.526  valid_placed=0.351  valid_rate=0.351  fraction_placed=1.000  n_eps=185
[trio-box] iter   58  mean_ep_reward=-217.008  valid_placed=0.413  valid_rate=0.413  fraction_placed=1.000  n_eps=189
[trio-box] iter   59  mean_ep_reward=-90.656  valid_placed=0.312  valid_rate=0.312  fraction_placed=1.000  n_eps=189
[trio-box] iter   60  mean_ep_reward=-63.927  valid_placed=0.346  valid_rate=0.346  fraction_placed=1.000  n_eps=182
[trio-box] iter   61  mean_ep_reward=-42.797  valid_placed=0.396  valid_rate=0.396  fraction_placed=1.000  n_eps=182
[trio-box] iter   62  mean_ep_reward=+48.239  valid_placed=0.481  valid_rate=0.481  fraction_placed=1.000  n_eps=185
[trio-box] iter   63  mean_ep_reward=+34.739  valid_placed=0.468  valid_rate=0.468  fraction_placed=1.000  n_eps=188
[trio-box] iter   64  mean_ep_reward=-271.223  valid_placed=0.241  valid_rate=0.241  fraction_placed=1.000  n_eps=191
[trio-box] iter   65  mean_ep_reward=-242.808  valid_placed=0.367  valid_rate=0.367  fraction_placed=1.000  n_eps=196
[trio-box] iter   66  mean_ep_reward=-574.749  valid_placed=0.398  valid_rate=0.398  fraction_placed=1.000  n_eps=206
[trio-box] iter   67  mean_ep_reward=-615.690  valid_placed=0.402  valid_rate=0.402  fraction_placed=1.000  n_eps=224
[trio-box] iter   68  mean_ep_reward=-270.597  valid_placed=0.471  valid_rate=0.471  fraction_placed=1.000  n_eps=210
[trio-box] iter   69  mean_ep_reward=-131.608  valid_placed=0.507  valid_rate=0.507  fraction_placed=1.000  n_eps=203
[trio-box] iter   70  mean_ep_reward=-21.932  valid_placed=0.646  valid_rate=0.646  fraction_placed=1.000  n_eps=198
[trio-box] iter   71  mean_ep_reward=+92.155  valid_placed=0.626  valid_rate=0.626  fraction_placed=1.000  n_eps=195
[trio-box] iter   72  mean_ep_reward=+94.926  valid_placed=0.638  valid_rate=0.638  fraction_placed=1.000  n_eps=199
[trio-box] iter   73  mean_ep_reward=+80.594  valid_placed=0.661  valid_rate=0.661  fraction_placed=1.000  n_eps=189
[trio-box] iter   74  mean_ep_reward=+28.855  valid_placed=0.631  valid_rate=0.631  fraction_placed=1.000  n_eps=203
[trio-box] iter   75  mean_ep_reward=+27.135  valid_placed=0.654  valid_rate=0.654  fraction_placed=1.000  n_eps=214
[trio-box] iter   76  mean_ep_reward=+89.319  valid_placed=0.703  valid_rate=0.703  fraction_placed=1.000  n_eps=212
[trio-box] iter   77  mean_ep_reward=+107.454  valid_placed=0.725  valid_rate=0.725  fraction_placed=1.000  n_eps=200
[trio-box] iter   78  mean_ep_reward=+103.557  valid_placed=0.650  valid_rate=0.650  fraction_placed=1.000  n_eps=197
[trio-box] iter   79  mean_ep_reward=+1.857  valid_placed=0.625  valid_rate=0.625  fraction_placed=1.000  n_eps=208
[trio-box] iter   80  mean_ep_reward=-41.069  valid_placed=0.714  valid_rate=0.714  fraction_placed=1.000  n_eps=196
[trio-box] iter   81  mean_ep_reward=+110.771  valid_placed=0.761  valid_rate=0.761  fraction_placed=1.000  n_eps=188
[trio-box] iter   82  mean_ep_reward=+81.198  valid_placed=0.679  valid_rate=0.679  fraction_placed=1.000  n_eps=187
[trio-box] iter   83  mean_ep_reward=+50.868  valid_placed=0.670  valid_rate=0.670  fraction_placed=1.000  n_eps=212
[trio-box] iter   84  mean_ep_reward=+55.864  valid_placed=0.668  valid_rate=0.668  fraction_placed=1.000  n_eps=205
[trio-box] iter   85  mean_ep_reward=+111.289  valid_placed=0.686  valid_rate=0.686  fraction_placed=1.000  n_eps=191
[trio-box] iter   86  mean_ep_reward=+85.222  valid_placed=0.779  valid_rate=0.779  fraction_placed=1.000  n_eps=195
[trio-box] iter   87  mean_ep_reward=+110.523  valid_placed=0.702  valid_rate=0.702  fraction_placed=1.000  n_eps=188
[trio-box] iter   88  mean_ep_reward=+95.123  valid_placed=0.699  valid_rate=0.699  fraction_placed=1.000  n_eps=196
[trio-box] iter   89  mean_ep_reward=-35.773  valid_placed=0.561  valid_rate=0.561  fraction_placed=1.000  n_eps=198
[trio-box] iter   90  mean_ep_reward=+98.006  valid_placed=0.697  valid_rate=0.697  fraction_placed=1.000  n_eps=188
[trio-box] iter   91  mean_ep_reward=+110.317  valid_placed=0.745  valid_rate=0.745  fraction_placed=1.000  n_eps=208
[trio-box] iter   92  mean_ep_reward=+122.324  valid_placed=0.809  valid_rate=0.809  fraction_placed=1.000  n_eps=215
[trio-box] iter   93  mean_ep_reward=+118.296  valid_placed=0.762  valid_rate=0.762  fraction_placed=1.000  n_eps=214
[trio-box] iter   94  mean_ep_reward=+112.183  valid_placed=0.799  valid_rate=0.799  fraction_placed=1.000  n_eps=214
[trio-box] iter   95  mean_ep_reward=+116.574  valid_placed=0.760  valid_rate=0.760  fraction_placed=1.000  n_eps=217
[trio-box] iter   96  mean_ep_reward=+124.175  valid_placed=0.788  valid_rate=0.788  fraction_placed=1.000  n_eps=212
[trio-box] iter   97  mean_ep_reward=+25.948  valid_placed=0.696  valid_rate=0.696  fraction_placed=1.000  n_eps=217
[trio-box] iter   98  mean_ep_reward=+54.691  valid_placed=0.647  valid_rate=0.647  fraction_placed=1.000  n_eps=224
[trio-box] iter   99  mean_ep_reward=+49.568  valid_placed=0.690  valid_rate=0.690  fraction_placed=1.000  n_eps=216
[trio-box] iter  100  mean_ep_reward=+49.565  valid_placed=0.654  valid_rate=0.654  fraction_placed=1.000  n_eps=208
[trio-box] iter  101  mean_ep_reward=-296.088  valid_placed=0.507  valid_rate=0.507  fraction_placed=1.000  n_eps=227
[trio-box] iter  102  mean_ep_reward=+62.238  valid_placed=0.671  valid_rate=0.671  fraction_placed=1.000  n_eps=210
[trio-box] iter  103  mean_ep_reward=+47.350  valid_placed=0.569  valid_rate=0.569  fraction_placed=1.000  n_eps=202
[trio-box] iter  104  mean_ep_reward=+4.394  valid_placed=0.598  valid_rate=0.598  fraction_placed=1.000  n_eps=214
[trio-box] iter  105  mean_ep_reward=-63.296  valid_placed=0.637  valid_rate=0.637  fraction_placed=1.000  n_eps=223
[trio-box] iter  106  mean_ep_reward=+116.285  valid_placed=0.798  valid_rate=0.798  fraction_placed=1.000  n_eps=213
[trio-box] iter  107  mean_ep_reward=-74.170  valid_placed=0.579  valid_rate=0.579  fraction_placed=1.000  n_eps=228
[trio-box] iter  108  mean_ep_reward=+107.410  valid_placed=0.734  valid_rate=0.734  fraction_placed=1.000  n_eps=214
[trio-box] iter  109  mean_ep_reward=+110.204  valid_placed=0.799  valid_rate=0.799  fraction_placed=1.000  n_eps=214
[trio-box] iter  110  mean_ep_reward=+126.181  valid_placed=0.874  valid_rate=0.874  fraction_placed=1.000  n_eps=215
[trio-box] iter  111  mean_ep_reward=+40.742  valid_placed=0.672  valid_rate=0.672  fraction_placed=1.000  n_eps=232
[trio-box] iter  112  mean_ep_reward=+8.854  valid_placed=0.636  valid_rate=0.636  fraction_placed=1.000  n_eps=236
[trio-box] iter  113  mean_ep_reward=+21.038  valid_placed=0.659  valid_rate=0.659  fraction_placed=1.000  n_eps=226
[trio-box] iter  114  mean_ep_reward=-110.211  valid_placed=0.541  valid_rate=0.541  fraction_placed=1.000  n_eps=242
[trio-box] iter  115  mean_ep_reward=+95.113  valid_placed=0.782  valid_rate=0.782  fraction_placed=1.000  n_eps=220
[trio-box] iter  116  mean_ep_reward=+122.296  valid_placed=0.783  valid_rate=0.783  fraction_placed=1.000  n_eps=226
[trio-box] iter  117  mean_ep_reward=+109.033  valid_placed=0.725  valid_rate=0.728  fraction_placed=0.997  n_eps=224
[trio-box] iter  118  mean_ep_reward=+100.690  valid_placed=0.785  valid_rate=0.785  fraction_placed=1.000  n_eps=219
[trio-box] iter  119  mean_ep_reward=+4.237  valid_placed=0.703  valid_rate=0.703  fraction_placed=1.000  n_eps=239
[trio-box] iter  120  mean_ep_reward=+104.784  valid_placed=0.767  valid_rate=0.767  fraction_placed=1.000  n_eps=223
[trio-box] iter  121  mean_ep_reward=+89.915  valid_placed=0.675  valid_rate=0.675  fraction_placed=1.000  n_eps=234
[trio-box] iter  122  mean_ep_reward=+131.298  valid_placed=0.830  valid_rate=0.830  fraction_placed=1.000  n_eps=235
[trio-box] iter  123  mean_ep_reward=+114.220  valid_placed=0.813  valid_rate=0.813  fraction_placed=1.000  n_eps=241
[trio-box] iter  124  mean_ep_reward=+86.514  valid_placed=0.725  valid_rate=0.725  fraction_placed=1.000  n_eps=247
[trio-box] iter  125  mean_ep_reward=+134.522  valid_placed=0.878  valid_rate=0.878  fraction_placed=1.000  n_eps=229
[trio-box] iter  126  mean_ep_reward=+137.393  valid_placed=0.873  valid_rate=0.873  fraction_placed=1.000  n_eps=244
[trio-box] iter  127  mean_ep_reward=+68.053  valid_placed=0.715  valid_rate=0.715  fraction_placed=1.000  n_eps=239
[trio-box] iter  128  mean_ep_reward=+101.928  valid_placed=0.817  valid_rate=0.817  fraction_placed=1.000  n_eps=230
[trio-box] iter  129  mean_ep_reward=+124.028  valid_placed=0.866  valid_rate=0.866  fraction_placed=1.000  n_eps=232
[trio-box] iter  130  mean_ep_reward=+115.299  valid_placed=0.855  valid_rate=0.855  fraction_placed=1.000  n_eps=235
[trio-box] iter  131  mean_ep_reward=+117.545  valid_placed=0.774  valid_rate=0.774  fraction_placed=1.000  n_eps=252
[trio-box] iter  132  mean_ep_reward=+116.278  valid_placed=0.780  valid_rate=0.780  fraction_placed=1.000  n_eps=245
[trio-box] iter  133  mean_ep_reward=+114.244  valid_placed=0.852  valid_rate=0.852  fraction_placed=1.000  n_eps=237
[trio-box] iter  134  mean_ep_reward=+121.624  valid_placed=0.810  valid_rate=0.810  fraction_placed=1.000  n_eps=231
[trio-box] iter  135  mean_ep_reward=-41.205  valid_placed=0.696  valid_rate=0.696  fraction_placed=1.000  n_eps=240
[trio-box] iter  136  mean_ep_reward=+94.277  valid_placed=0.805  valid_rate=0.805  fraction_placed=1.000  n_eps=236
[trio-box] iter  137  mean_ep_reward=+112.699  valid_placed=0.823  valid_rate=0.823  fraction_placed=1.000  n_eps=231
[trio-box] iter  138  mean_ep_reward=+91.419  valid_placed=0.822  valid_rate=0.822  fraction_placed=1.000  n_eps=241
[trio-box] iter  139  mean_ep_reward=+93.841  valid_placed=0.733  valid_rate=0.733  fraction_placed=1.000  n_eps=236
[trio-box] iter  140  mean_ep_reward=+105.266  valid_placed=0.747  valid_rate=0.747  fraction_placed=1.000  n_eps=237
[trio-box] iter  141  mean_ep_reward=+92.803  valid_placed=0.776  valid_rate=0.776  fraction_placed=1.000  n_eps=250
[trio-box] iter  142  mean_ep_reward=+124.902  valid_placed=0.832  valid_rate=0.832  fraction_placed=1.000  n_eps=262
[trio-box] iter  143  mean_ep_reward=+101.421  valid_placed=0.838  valid_rate=0.838  fraction_placed=1.000  n_eps=277
[trio-box] iter  144  mean_ep_reward=+127.839  valid_placed=0.820  valid_rate=0.820  fraction_placed=1.000  n_eps=272
[trio-box] iter  145  mean_ep_reward=+116.996  valid_placed=0.791  valid_rate=0.791  fraction_placed=1.000  n_eps=258
[trio-box] iter  146  mean_ep_reward=+119.770  valid_placed=0.836  valid_rate=0.836  fraction_placed=1.000  n_eps=256
[trio-box] iter  147  mean_ep_reward=+137.618  valid_placed=0.868  valid_rate=0.868  fraction_placed=1.000  n_eps=250
[trio-box] iter  148  mean_ep_reward=+109.296  valid_placed=0.800  valid_rate=0.800  fraction_placed=1.000  n_eps=260
[trio-box] iter  149  mean_ep_reward=+138.256  valid_placed=0.889  valid_rate=0.889  fraction_placed=1.000  n_eps=261
[trio-box] iter  150  mean_ep_reward=+9.492  valid_placed=0.537  valid_rate=0.537  fraction_placed=1.000  n_eps=242
[trio-box] iter  151  mean_ep_reward=-11.527  valid_placed=0.545  valid_rate=0.545  fraction_placed=1.000  n_eps=224
[trio-box] iter  152  mean_ep_reward=+91.510  valid_placed=0.699  valid_rate=0.699  fraction_placed=1.000  n_eps=229
[trio-box] iter  153  mean_ep_reward=+100.173  valid_placed=0.743  valid_rate=0.743  fraction_placed=1.000  n_eps=245
[trio-box] iter  154  mean_ep_reward=+15.362  valid_placed=0.708  valid_rate=0.708  fraction_placed=1.000  n_eps=253
[trio-box] iter  155  mean_ep_reward=+41.526  valid_placed=0.756  valid_rate=0.756  fraction_placed=1.000  n_eps=271
[trio-box] iter  156  mean_ep_reward=-102.466  valid_placed=0.789  valid_rate=0.789  fraction_placed=1.000  n_eps=275
[trio-box] iter  157  mean_ep_reward=+120.690  valid_placed=0.839  valid_rate=0.839  fraction_placed=1.000  n_eps=255
[trio-box] iter  158  mean_ep_reward=+120.268  valid_placed=0.846  valid_rate=0.846  fraction_placed=1.000  n_eps=253
[trio-box] iter  159  mean_ep_reward=+120.017  valid_placed=0.828  valid_rate=0.828  fraction_placed=1.000  n_eps=256
[trio-box] iter  160  mean_ep_reward=+136.290  valid_placed=0.855  valid_rate=0.855  fraction_placed=1.000  n_eps=262
[trio-box] iter  161  mean_ep_reward=+104.514  valid_placed=0.901  valid_rate=0.901  fraction_placed=1.000  n_eps=253
[trio-box] iter  162  mean_ep_reward=+95.642  valid_placed=0.859  valid_rate=0.859  fraction_placed=1.000  n_eps=262
[trio-box] iter  163  mean_ep_reward=+131.780  valid_placed=0.859  valid_rate=0.859  fraction_placed=1.000  n_eps=256
[trio-box] iter  164  mean_ep_reward=+128.119  valid_placed=0.853  valid_rate=0.853  fraction_placed=1.000  n_eps=266
[trio-box] iter  165  mean_ep_reward=+117.754  valid_placed=0.817  valid_rate=0.817  fraction_placed=1.000  n_eps=252
[trio-box] iter  166  mean_ep_reward=-60.927  valid_placed=0.793  valid_rate=0.793  fraction_placed=1.000  n_eps=261
[trio-box] iter  167  mean_ep_reward=+115.825  valid_placed=0.877  valid_rate=0.877  fraction_placed=1.000  n_eps=260
[trio-box] iter  168  mean_ep_reward=+91.762  valid_placed=0.820  valid_rate=0.820  fraction_placed=1.000  n_eps=267
[trio-box] iter  169  mean_ep_reward=+125.657  valid_placed=0.846  valid_rate=0.846  fraction_placed=1.000  n_eps=266
[trio-box] iter  170  mean_ep_reward=+144.649  valid_placed=0.907  valid_rate=0.907  fraction_placed=1.000  n_eps=281
[trio-box] iter  171  mean_ep_reward=+126.653  valid_placed=0.840  valid_rate=0.840  fraction_placed=1.000  n_eps=281
[trio-box] iter  172  mean_ep_reward=+33.227  valid_placed=0.633  valid_rate=0.633  fraction_placed=1.000  n_eps=289
[trio-box] iter  173  mean_ep_reward=-42.701  valid_placed=0.682  valid_rate=0.682  fraction_placed=1.000  n_eps=286
[trio-box] iter  174  mean_ep_reward=+96.278  valid_placed=0.855  valid_rate=0.855  fraction_placed=1.000  n_eps=283
[trio-box] iter  175  mean_ep_reward=+113.405  valid_placed=0.855  valid_rate=0.855  fraction_placed=1.000  n_eps=283
[trio-box] iter  176  mean_ep_reward=+37.745  valid_placed=0.794  valid_rate=0.794  fraction_placed=1.000  n_eps=282
[trio-box] iter  177  mean_ep_reward=-229.266  valid_placed=0.693  valid_rate=0.693  fraction_placed=1.000  n_eps=296
[trio-box] iter  178  mean_ep_reward=-252.830  valid_placed=0.700  valid_rate=0.700  fraction_placed=1.000  n_eps=300
[trio-box] iter  179  mean_ep_reward=+74.185  valid_placed=0.830  valid_rate=0.830  fraction_placed=1.000  n_eps=289
[trio-box] iter  180  mean_ep_reward=+116.845  valid_placed=0.915  valid_rate=0.915  fraction_placed=1.000  n_eps=282
[trio-box] iter  181  mean_ep_reward=+133.405  valid_placed=0.898  valid_rate=0.898  fraction_placed=1.000  n_eps=293
[trio-box] iter  182  mean_ep_reward=+84.908  valid_placed=0.762  valid_rate=0.762  fraction_placed=1.000  n_eps=302
[trio-box] iter  183  mean_ep_reward=+101.724  valid_placed=0.826  valid_rate=0.826  fraction_placed=1.000  n_eps=298
[trio-box] iter  184  mean_ep_reward=+140.390  valid_placed=0.885  valid_rate=0.885  fraction_placed=1.000  n_eps=296
[trio-box] iter  185  mean_ep_reward=+146.596  valid_placed=0.927  valid_rate=0.927  fraction_placed=1.000  n_eps=303
[trio-box] iter  186  mean_ep_reward=+141.344  valid_placed=0.928  valid_rate=0.928  fraction_placed=1.000  n_eps=306
[trio-box] promoted by competency
