[trio-box] iter    0  mean_ep_reward=-306.182  valid_placed=0.097  valid_rate=0.097  fraction_placed=1.000  n_eps=206
[trio-box] iter    1  mean_ep_reward=-1833.430  valid_placed=0.025  valid_rate=0.025  fraction_placed=1.000  n_eps=241
[trio-box] iter    2  mean_ep_reward=-1403.604  valid_placed=0.053  valid_rate=0.053  fraction_placed=1.000  n_eps=189
[trio-box] iter    3  mean_ep_reward=-1591.829  valid_placed=0.050  valid_rate=0.059  fraction_placed=0.991  n_eps=187
[trio-box] iter    4  mean_ep_reward=-1991.400  valid_placed=0.028  valid_rate=0.051  fraction_placed=0.978  n_eps=178
[trio-box] iter    5  mean_ep_reward=-1543.116  valid_placed=0.025  valid_rate=0.082  fraction_placed=0.943  n_eps=158
[trio-box] iter    6  mean_ep_reward=-1558.518  valid_placed=0.021  valid_rate=0.043  fraction_placed=0.977  n_eps=162
[trio-box] iter    7  mean_ep_reward=-2492.509  valid_placed=0.016  valid_rate=0.031  fraction_placed=0.984  n_eps=191
[trio-box] iter    8  mean_ep_reward=-1975.854  valid_placed=0.019  valid_rate=0.023  fraction_placed=0.996  n_eps=171
[trio-box] iter    9  mean_ep_reward=-2176.130  valid_placed=0.011  valid_rate=0.022  fraction_placed=0.989  n_eps=179
[trio-box] iter   10  mean_ep_reward=-1892.299  valid_placed=0.038  valid_rate=0.044  fraction_placed=0.995  n_eps=183
[trio-box] iter   11  mean_ep_reward=-1922.012  valid_placed=0.006  valid_rate=0.006  fraction_placed=1.000  n_eps=174
[trio-box] iter   12  mean_ep_reward=-1773.218  valid_placed=0.029  valid_rate=0.029  fraction_placed=1.000  n_eps=173
[trio-box] iter   13  mean_ep_reward=-557.883  valid_placed=0.160  valid_rate=0.171  fraction_placed=0.988  n_eps=140
[trio-box] iter   14  mean_ep_reward=-1816.980  valid_placed=0.016  valid_rate=0.022  fraction_placed=0.995  n_eps=185
[trio-box] iter   15  mean_ep_reward=-2586.868  valid_placed=0.020  valid_rate=0.025  fraction_placed=0.995  n_eps=204
[trio-box] iter   16  mean_ep_reward=-1511.633  valid_placed=0.032  valid_rate=0.044  fraction_placed=0.987  n_eps=158
[trio-box] iter   17  mean_ep_reward=-1508.122  valid_placed=0.038  valid_rate=0.045  fraction_placed=0.994  n_eps=157
[trio-box] iter   18  mean_ep_reward=-1369.994  valid_placed=0.046  valid_rate=0.053  fraction_placed=0.989  n_eps=151
[trio-box] iter   19  mean_ep_reward=-1784.406  valid_placed=0.040  valid_rate=0.057  fraction_placed=0.983  n_eps=158
[trio-box] iter   20  mean_ep_reward=-1403.297  valid_placed=0.054  valid_rate=0.065  fraction_placed=0.985  n_eps=155
[trio-box] iter   21  mean_ep_reward=-1748.125  valid_placed=0.025  valid_rate=0.031  fraction_placed=0.994  n_eps=162
[trio-box] iter   22  mean_ep_reward=-1033.555  valid_placed=0.095  valid_rate=0.102  fraction_placed=0.993  n_eps=147
[trio-box] iter   23  mean_ep_reward=-348.647  valid_placed=0.126  valid_rate=0.138  fraction_placed=0.987  n_eps=130
[trio-box] iter   24  mean_ep_reward=-482.714  valid_placed=0.137  valid_rate=0.176  fraction_placed=0.962  n_eps=131
[trio-box] iter   25  mean_ep_reward=-423.749  valid_placed=0.140  valid_rate=0.149  fraction_placed=0.992  n_eps=121
[trio-box] iter   26  mean_ep_reward=-470.681  valid_placed=0.160  valid_rate=0.214  fraction_placed=0.947  n_eps=131
[trio-box] iter   27  mean_ep_reward=-835.222  valid_placed=0.073  valid_rate=0.088  fraction_placed=0.985  n_eps=137
[trio-box] iter   28  mean_ep_reward=-561.049  valid_placed=0.107  valid_rate=0.114  fraction_placed=0.993  n_eps=149
[trio-box] iter   29  mean_ep_reward=-944.386  valid_placed=0.111  valid_rate=0.126  fraction_placed=0.985  n_eps=159
[trio-box] iter   30  mean_ep_reward=-636.508  valid_placed=0.145  valid_rate=0.145  fraction_placed=0.996  n_eps=152
[trio-box] iter   31  mean_ep_reward=-114.785  valid_placed=0.252  valid_rate=0.252  fraction_placed=1.000  n_eps=139
[trio-box] iter   32  mean_ep_reward=-928.735  valid_placed=0.094  valid_rate=0.094  fraction_placed=1.000  n_eps=171
[trio-box] iter   33  mean_ep_reward=-746.194  valid_placed=0.113  valid_rate=0.113  fraction_placed=1.000  n_eps=177
[trio-box] iter   34  mean_ep_reward=-191.196  valid_placed=0.217  valid_rate=0.217  fraction_placed=1.000  n_eps=161
[trio-box] iter   35  mean_ep_reward=-210.326  valid_placed=0.216  valid_rate=0.216  fraction_placed=1.000  n_eps=162
[trio-box] iter   36  mean_ep_reward=-187.045  valid_placed=0.200  valid_rate=0.200  fraction_placed=1.000  n_eps=165
[trio-box] iter   37  mean_ep_reward=-80.846  valid_placed=0.199  valid_rate=0.199  fraction_placed=1.000  n_eps=166
[trio-box] iter   38  mean_ep_reward=-206.579  valid_placed=0.185  valid_rate=0.192  fraction_placed=0.993  n_eps=151
[trio-box] iter   39  mean_ep_reward=-584.044  valid_placed=0.120  valid_rate=0.120  fraction_placed=1.000  n_eps=167
[trio-box] iter   40  mean_ep_reward=-700.228  valid_placed=0.173  valid_rate=0.173  fraction_placed=1.000  n_eps=162
[trio-box] iter   41  mean_ep_reward=-312.355  valid_placed=0.239  valid_rate=0.245  fraction_placed=0.994  n_eps=163
[trio-box] iter   42  mean_ep_reward=-695.733  valid_placed=0.198  valid_rate=0.198  fraction_placed=1.000  n_eps=172
[trio-box] iter   43  mean_ep_reward=-279.106  valid_placed=0.178  valid_rate=0.178  fraction_placed=1.000  n_eps=174
[trio-box] iter   44  mean_ep_reward=-342.607  valid_placed=0.213  valid_rate=0.213  fraction_placed=1.000  n_eps=169
[trio-box] iter   45  mean_ep_reward=-916.126  valid_placed=0.133  valid_rate=0.133  fraction_placed=1.000  n_eps=188
[trio-box] iter   46  mean_ep_reward=-158.941  valid_placed=0.384  valid_rate=0.384  fraction_placed=1.000  n_eps=164
[trio-box] iter   47  mean_ep_reward=-129.901  valid_placed=0.289  valid_rate=0.289  fraction_placed=1.000  n_eps=173
[trio-box] iter   48  mean_ep_reward=-367.460  valid_placed=0.302  valid_rate=0.309  fraction_placed=0.994  n_eps=162
[trio-box] iter   49  mean_ep_reward=-17.446  valid_placed=0.301  valid_rate=0.301  fraction_placed=1.000  n_eps=173
[trio-box] iter   50  mean_ep_reward=+25.861  valid_placed=0.399  valid_rate=0.399  fraction_placed=1.000  n_eps=163
[trio-box] iter   51  mean_ep_reward=-157.506  valid_placed=0.265  valid_rate=0.265  fraction_placed=1.000  n_eps=162
[trio-box] iter   52  mean_ep_reward=-26.191  valid_placed=0.277  valid_rate=0.277  fraction_placed=1.000  n_eps=166
[trio-box] iter   53  mean_ep_reward=-112.211  valid_placed=0.303  valid_rate=0.303  fraction_placed=1.000  n_eps=165
[trio-box] iter   54  mean_ep_reward=-513.360  valid_placed=0.227  valid_rate=0.227  fraction_placed=1.000  n_eps=185
[trio-box] iter   55  mean_ep_reward=-127.166  valid_placed=0.356  valid_rate=0.356  fraction_placed=1.000  n_eps=174
[trio-box] iter   56  mean_ep_reward=+2.315  valid_placed=0.388  valid_rate=0.388  fraction_placed=1.000  n_eps=165
[trio-box] iter   57  mean_ep_reward=-324.596  valid_placed=0.214  valid_rate=0.214  fraction_placed=1.000  n_eps=187
[trio-box] iter   58  mean_ep_reward=-103.659  valid_placed=0.314  valid_rate=0.314  fraction_placed=1.000  n_eps=172
[trio-box] iter   59  mean_ep_reward=-76.727  valid_placed=0.234  valid_rate=0.234  fraction_placed=1.000  n_eps=158
[trio-box] iter   60  mean_ep_reward=-907.781  valid_placed=0.136  valid_rate=0.136  fraction_placed=1.000  n_eps=184
[trio-box] iter   61  mean_ep_reward=-322.467  valid_placed=0.223  valid_rate=0.223  fraction_placed=1.000  n_eps=175
[trio-box] iter   62  mean_ep_reward=-47.505  valid_placed=0.309  valid_rate=0.309  fraction_placed=1.000  n_eps=162
[trio-box] iter   63  mean_ep_reward=-211.231  valid_placed=0.281  valid_rate=0.281  fraction_placed=1.000  n_eps=167
[trio-box] iter   64  mean_ep_reward=-116.233  valid_placed=0.305  valid_rate=0.305  fraction_placed=1.000  n_eps=177
[trio-box] iter   65  mean_ep_reward=-208.029  valid_placed=0.328  valid_rate=0.328  fraction_placed=1.000  n_eps=183
[trio-box] iter   66  mean_ep_reward=-97.419  valid_placed=0.363  valid_rate=0.363  fraction_placed=1.000  n_eps=179
[trio-box] iter   67  mean_ep_reward=+13.297  valid_placed=0.365  valid_rate=0.365  fraction_placed=1.000  n_eps=181
[trio-box] iter   68  mean_ep_reward=-2.905  valid_placed=0.356  valid_rate=0.356  fraction_placed=1.000  n_eps=188
[trio-box] iter   69  mean_ep_reward=-22.186  valid_placed=0.323  valid_rate=0.323  fraction_placed=1.000  n_eps=195
[trio-box] iter   70  mean_ep_reward=-12.729  valid_placed=0.398  valid_rate=0.398  fraction_placed=1.000  n_eps=191
[trio-box] iter   71  mean_ep_reward=+45.508  valid_placed=0.439  valid_rate=0.439  fraction_placed=1.000  n_eps=187
[trio-box] iter   72  mean_ep_reward=+50.495  valid_placed=0.495  valid_rate=0.495  fraction_placed=1.000  n_eps=204
[trio-box] iter   73  mean_ep_reward=-37.862  valid_placed=0.364  valid_rate=0.364  fraction_placed=1.000  n_eps=220
[trio-box] iter   74  mean_ep_reward=+56.516  valid_placed=0.493  valid_rate=0.493  fraction_placed=1.000  n_eps=213
[trio-box] iter   75  mean_ep_reward=+41.717  valid_placed=0.420  valid_rate=0.420  fraction_placed=1.000  n_eps=205
[trio-box] iter   76  mean_ep_reward=-101.068  valid_placed=0.384  valid_rate=0.384  fraction_placed=1.000  n_eps=224
[trio-box] iter   77  mean_ep_reward=+67.620  valid_placed=0.523  valid_rate=0.523  fraction_placed=1.000  n_eps=216
[trio-box] iter   78  mean_ep_reward=+46.002  valid_placed=0.374  valid_rate=0.374  fraction_placed=1.000  n_eps=227
[trio-box] iter   79  mean_ep_reward=+7.197  valid_placed=0.353  valid_rate=0.353  fraction_placed=1.000  n_eps=218
[trio-box] iter   80  mean_ep_reward=+11.862  valid_placed=0.375  valid_rate=0.375  fraction_placed=1.000  n_eps=224
[trio-box] iter   81  mean_ep_reward=-140.243  valid_placed=0.343  valid_rate=0.343  fraction_placed=1.000  n_eps=239
[trio-box] iter   82  mean_ep_reward=-10.876  valid_placed=0.463  valid_rate=0.463  fraction_placed=1.000  n_eps=240
[trio-box] iter   83  mean_ep_reward=+61.445  valid_placed=0.496  valid_rate=0.496  fraction_placed=1.000  n_eps=226
[trio-box] iter   84  mean_ep_reward=+32.397  valid_placed=0.473  valid_rate=0.473  fraction_placed=1.000  n_eps=224
[trio-box] iter   85  mean_ep_reward=+30.876  valid_placed=0.486  valid_rate=0.486  fraction_placed=1.000  n_eps=222
[trio-box] iter   86  mean_ep_reward=+26.955  valid_placed=0.480  valid_rate=0.480  fraction_placed=1.000  n_eps=229
[trio-box] iter   87  mean_ep_reward=-2.976  valid_placed=0.433  valid_rate=0.433  fraction_placed=1.000  n_eps=231
[trio-box] iter   88  mean_ep_reward=-63.329  valid_placed=0.358  valid_rate=0.358  fraction_placed=1.000  n_eps=257
[trio-box] iter   89  mean_ep_reward=-16.278  valid_placed=0.368  valid_rate=0.368  fraction_placed=1.000  n_eps=250
[trio-box] iter   90  mean_ep_reward=+53.772  valid_placed=0.464  valid_rate=0.464  fraction_placed=1.000  n_eps=233
[trio-box] iter   91  mean_ep_reward=+48.116  valid_placed=0.489  valid_rate=0.489  fraction_placed=1.000  n_eps=233
[trio-box] iter   92  mean_ep_reward=+49.345  valid_placed=0.526  valid_rate=0.526  fraction_placed=1.000  n_eps=230
[trio-box] iter   93  mean_ep_reward=+58.004  valid_placed=0.551  valid_rate=0.551  fraction_placed=1.000  n_eps=247
[trio-box] iter   94  mean_ep_reward=+47.516  valid_placed=0.474  valid_rate=0.474  fraction_placed=1.000  n_eps=247
[trio-box] iter   95  mean_ep_reward=+45.411  valid_placed=0.472  valid_rate=0.472  fraction_placed=1.000  n_eps=233
[trio-box] iter   96  mean_ep_reward=+70.075  valid_placed=0.521  valid_rate=0.521  fraction_placed=1.000  n_eps=236
[trio-box] iter   97  mean_ep_reward=+40.576  valid_placed=0.540  valid_rate=0.540  fraction_placed=1.000  n_eps=248
[trio-box] iter   98  mean_ep_reward=+31.996  valid_placed=0.428  valid_rate=0.428  fraction_placed=1.000  n_eps=243
[trio-box] iter   99  mean_ep_reward=+33.679  valid_placed=0.508  valid_rate=0.508  fraction_placed=1.000  n_eps=258
[trio-box] iter  100  mean_ep_reward=-44.106  valid_placed=0.454  valid_rate=0.454  fraction_placed=1.000  n_eps=249
[trio-box] iter  101  mean_ep_reward=-9.824  valid_placed=0.506  valid_rate=0.506  fraction_placed=1.000  n_eps=249
[trio-box] iter  102  mean_ep_reward=+0.800  valid_placed=0.518  valid_rate=0.518  fraction_placed=1.000  n_eps=253
[trio-box] iter  103  mean_ep_reward=+57.572  valid_placed=0.536  valid_rate=0.540  fraction_placed=0.996  n_eps=250
[trio-box] iter  104  mean_ep_reward=+56.555  valid_placed=0.589  valid_rate=0.589  fraction_placed=1.000  n_eps=253
[trio-box] iter  105  mean_ep_reward=+78.662  valid_placed=0.545  valid_rate=0.545  fraction_placed=1.000  n_eps=246
[trio-box] iter  106  mean_ep_reward=+39.811  valid_placed=0.525  valid_rate=0.525  fraction_placed=1.000  n_eps=242
[trio-box] iter  107  mean_ep_reward=-79.231  valid_placed=0.307  valid_rate=0.307  fraction_placed=1.000  n_eps=270
[trio-box] iter  108  mean_ep_reward=+47.458  valid_placed=0.466  valid_rate=0.466  fraction_placed=1.000  n_eps=266
[trio-box] iter  109  mean_ep_reward=+44.176  valid_placed=0.529  valid_rate=0.529  fraction_placed=1.000  n_eps=257
[trio-box] iter  110  mean_ep_reward=-4.569  valid_placed=0.495  valid_rate=0.495  fraction_placed=1.000  n_eps=273
[trio-box] iter  111  mean_ep_reward=+63.499  valid_placed=0.490  valid_rate=0.490  fraction_placed=1.000  n_eps=243
[trio-box] iter  112  mean_ep_reward=+55.287  valid_placed=0.581  valid_rate=0.581  fraction_placed=1.000  n_eps=270
[trio-box] iter  113  mean_ep_reward=+8.165  valid_placed=0.487  valid_rate=0.487  fraction_placed=1.000  n_eps=275
[trio-box] iter  114  mean_ep_reward=+52.308  valid_placed=0.504  valid_rate=0.504  fraction_placed=1.000  n_eps=272
[trio-box] iter  115  mean_ep_reward=+29.954  valid_placed=0.505  valid_rate=0.505  fraction_placed=1.000  n_eps=293
[trio-box] iter  116  mean_ep_reward=+97.493  valid_placed=0.588  valid_rate=0.588  fraction_placed=1.000  n_eps=272
[trio-box] iter  117  mean_ep_reward=+81.009  valid_placed=0.572  valid_rate=0.572  fraction_placed=1.000  n_eps=278
[trio-box] iter  118  mean_ep_reward=+79.472  valid_placed=0.574  valid_rate=0.574  fraction_placed=1.000  n_eps=282
[trio-box] iter  119  mean_ep_reward=+47.872  valid_placed=0.531  valid_rate=0.531  fraction_placed=1.000  n_eps=288
[trio-box] iter  120  mean_ep_reward=+68.915  valid_placed=0.544  valid_rate=0.544  fraction_placed=1.000  n_eps=283
[trio-box] iter  121  mean_ep_reward=+30.497  valid_placed=0.552  valid_rate=0.552  fraction_placed=1.000  n_eps=286
[trio-box] iter  122  mean_ep_reward=+44.602  valid_placed=0.605  valid_rate=0.605  fraction_placed=1.000  n_eps=294
[trio-box] iter  123  mean_ep_reward=+36.095  valid_placed=0.539  valid_rate=0.539  fraction_placed=1.000  n_eps=304
[trio-box] iter  124  mean_ep_reward=+66.885  valid_placed=0.572  valid_rate=0.572  fraction_placed=1.000  n_eps=285
[trio-box] iter  125  mean_ep_reward=+88.196  valid_placed=0.603  valid_rate=0.603  fraction_placed=1.000  n_eps=290
[trio-box] iter  126  mean_ep_reward=+56.269  valid_placed=0.474  valid_rate=0.474  fraction_placed=1.000  n_eps=274
[trio-box] iter  127  mean_ep_reward=-58.273  valid_placed=0.434  valid_rate=0.434  fraction_placed=1.000  n_eps=302
[trio-box] iter  128  mean_ep_reward=+48.470  valid_placed=0.553  valid_rate=0.553  fraction_placed=1.000  n_eps=284
[trio-box] iter  129  mean_ep_reward=+16.797  valid_placed=0.478  valid_rate=0.478  fraction_placed=1.000  n_eps=278
[trio-box] iter  130  mean_ep_reward=+49.458  valid_placed=0.603  valid_rate=0.603  fraction_placed=1.000  n_eps=277
[trio-box] iter  131  mean_ep_reward=+66.171  valid_placed=0.686  valid_rate=0.686  fraction_placed=1.000  n_eps=280
[trio-box] iter  132  mean_ep_reward=+117.010  valid_placed=0.709  valid_rate=0.720  fraction_placed=0.988  n_eps=254
[trio-box] iter  133  mean_ep_reward=+88.878  valid_placed=0.565  valid_rate=0.565  fraction_placed=1.000  n_eps=285
[trio-box] iter  134  mean_ep_reward=+85.960  valid_placed=0.576  valid_rate=0.580  fraction_placed=0.996  n_eps=243
[trio-box] iter  135  mean_ep_reward=+74.740  valid_placed=0.574  valid_rate=0.574  fraction_placed=1.000  n_eps=258
[trio-box] iter  136  mean_ep_reward=+85.462  valid_placed=0.655  valid_rate=0.655  fraction_placed=1.000  n_eps=258
[trio-box] promoted by competency
