note: training with 16 parallel envs (schedulable cores=32, MemAvailable=28.6 GiB)
[trio-notch] iter    0  mean_ep_reward=-1156.704  valid_placed=0.000  valid_rate=0.000  fraction_placed=1.000  n_eps=265
[trio-notch] iter    1  mean_ep_reward=-1798.769  valid_placed=0.003  valid_rate=0.010  fraction_placed=0.993  n_eps=197
[trio-notch] iter    2  mean_ep_reward=-1477.116  valid_placed=0.014  valid_rate=0.021  fraction_placed=0.993  n_eps=190
[trio-notch] iter    3  mean_ep_reward=-773.107  valid_placed=0.053  valid_rate=0.105  fraction_placed=0.934  n_eps=152
[trio-notch] iter    4  mean_ep_reward=-1337.254  valid_placed=0.071  valid_rate=0.191  fraction_placed=0.848  n_eps=136
[trio-notch] iter    5  mean_ep_reward=-2207.732  valid_placed=0.071  valid_rate=0.193  fraction_placed=0.838  n_eps=140
[trio-notch] iter    6  mean_ep_reward=-3191.766  valid_placed=0.053  valid_rate=0.159  fraction_placed=0.871  n_eps=176
[trio-notch] iter    7  mean_ep_reward=-2621.726  valid_placed=0.093  valid_rate=0.265  fraction_placed=0.779  n_eps=136
[trio-notch] iter    8  mean_ep_reward=-1440.210  valid_placed=0.143  valid_rate=0.457  fraction_placed=0.629  n_eps=105
[trio-notch] iter    9  mean_ep_reward=-561.288  valid_placed=0.208  valid_rate=0.602  fraction_placed=0.527  n_eps=93
[trio-notch] iter   10  mean_ep_reward=-379.164  valid_placed=0.249  valid_rate=0.724  fraction_placed=0.441  n_eps=87
[trio-notch] iter   11  mean_ep_reward=-458.377  valid_placed=0.220  valid_rate=0.703  fraction_placed=0.458  n_eps=91
[trio-notch] iter   12  mean_ep_reward=-902.767  valid_placed=0.160  valid_rate=0.500  fraction_placed=0.588  n_eps=106
[trio-notch] iter   13  mean_ep_reward=-694.071  valid_placed=0.227  valid_rate=0.681  fraction_placed=0.473  n_eps=91
[trio-notch] iter   14  mean_ep_reward=-413.231  valid_placed=0.230  valid_rate=0.689  fraction_placed=0.452  n_eps=90
[trio-notch] iter   15  mean_ep_reward=-346.388  valid_placed=0.266  valid_rate=0.798  fraction_placed=0.442  n_eps=89
[trio-notch] iter   16  mean_ep_reward=-581.350  valid_placed=0.111  valid_rate=0.827  fraction_placed=0.251  n_eps=81
[trio-notch] iter   17  mean_ep_reward=-823.303  valid_placed=0.125  valid_rate=0.818  fraction_placed=0.303  n_eps=88
[trio-notch] iter   18  mean_ep_reward=-779.111  valid_placed=0.161  valid_rate=0.723  fraction_placed=0.378  n_eps=83
[trio-notch] iter   19  mean_ep_reward=-193.463  valid_placed=0.258  valid_rate=0.863  fraction_placed=0.346  n_eps=80
[trio-notch] iter   20  mean_ep_reward=-368.298  valid_placed=0.264  valid_rate=0.839  fraction_placed=0.395  n_eps=87
[trio-notch] iter   21  mean_ep_reward=-70.495  valid_placed=0.312  valid_rate=0.912  fraction_placed=0.367  n_eps=80
[trio-notch] iter   22  mean_ep_reward=-654.239  valid_placed=0.258  valid_rate=0.798  fraction_placed=0.438  n_eps=89
[trio-notch] iter   23  mean_ep_reward=-2406.248  valid_placed=0.168  valid_rate=0.514  fraction_placed=0.646  n_eps=111
[trio-notch] iter   24  mean_ep_reward=-2094.532  valid_placed=0.190  valid_rate=0.562  fraction_placed=0.598  n_eps=112
[trio-notch] iter   25  mean_ep_reward=-1222.817  valid_placed=0.266  valid_rate=0.727  fraction_placed=0.522  n_eps=99
[trio-notch] iter   26  mean_ep_reward=-870.149  valid_placed=0.271  valid_rate=0.824  fraction_placed=0.432  n_eps=91
[trio-notch] iter   27  mean_ep_reward=-920.296  valid_placed=0.254  valid_rate=0.772  fraction_placed=0.446  n_eps=92
[trio-notch] iter   28  mean_ep_reward=-2227.222  valid_placed=0.178  valid_rate=0.534  fraction_placed=0.586  n_eps=116
[trio-notch] iter   29  mean_ep_reward=-1046.756  valid_placed=0.235  valid_rate=0.716  fraction_placed=0.439  n_eps=88
[trio-notch] iter   30  mean_ep_reward=-604.974  valid_placed=0.217  valid_rate=0.798  fraction_placed=0.360  n_eps=89
[trio-notch] iter   31  mean_ep_reward=-782.174  valid_placed=0.231  valid_rate=0.714  fraction_placed=0.443  n_eps=91
[trio-notch] iter   32  mean_ep_reward=-964.270  valid_placed=0.220  valid_rate=0.670  fraction_placed=0.472  n_eps=94
[trio-notch] iter   33  mean_ep_reward=-322.113  valid_placed=0.255  valid_rate=0.788  fraction_placed=0.408  n_eps=85
[trio-notch] iter   34  mean_ep_reward=-553.458  valid_placed=0.234  valid_rate=0.678  fraction_placed=0.425  n_eps=87
[trio-notch] iter   35  mean_ep_reward=-149.418  valid_placed=0.309  valid_rate=0.889  fraction_placed=0.383  n_eps=81
[trio-notch] iter   36  mean_ep_reward=-5.950  valid_placed=0.275  valid_rate=0.825  fraction_placed=0.358  n_eps=80
[trio-notch] iter   37  mean_ep_reward=-722.544  valid_placed=0.218  valid_rate=0.630  fraction_placed=0.387  n_eps=81
[trio-notch] iter   38  mean_ep_reward=-305.116  valid_placed=0.262  valid_rate=0.786  fraction_placed=0.397  n_eps=84
[trio-notch] iter   39  mean_ep_reward=+16.815  valid_placed=0.258  valid_rate=0.850  fraction_placed=0.329  n_eps=80
[trio-notch] iter   40  mean_ep_reward=+4.474  valid_placed=0.317  valid_rate=0.901  fraction_placed=0.358  n_eps=81
[trio-notch] iter   41  mean_ep_reward=-151.427  valid_placed=0.257  valid_rate=0.831  fraction_placed=0.337  n_eps=83
[trio-notch] iter   42  mean_ep_reward=+10.431  valid_placed=0.313  valid_rate=0.926  fraction_placed=0.358  n_eps=81
[trio-notch] iter   43  mean_ep_reward=+16.256  valid_placed=0.338  valid_rate=0.988  fraction_placed=0.342  n_eps=80
[trio-notch] iter   44  mean_ep_reward=-185.691  valid_placed=0.293  valid_rate=0.817  fraction_placed=0.407  n_eps=82
[trio-notch] iter   45  mean_ep_reward=-51.644  valid_placed=0.313  valid_rate=0.914  fraction_placed=0.358  n_eps=81
[trio-notch] iter   46  mean_ep_reward=-77.614  valid_placed=0.333  valid_rate=0.940  fraction_placed=0.382  n_eps=83
[trio-notch] iter   47  mean_ep_reward=-232.218  valid_placed=0.317  valid_rate=0.890  fraction_placed=0.402  n_eps=82
[trio-notch] iter   48  mean_ep_reward=-39.327  valid_placed=0.296  valid_rate=0.875  fraction_placed=0.367  n_eps=80
[trio-notch] iter   49  mean_ep_reward=-104.028  valid_placed=0.300  valid_rate=0.926  fraction_placed=0.354  n_eps=81
[trio-notch] iter   50  mean_ep_reward=+21.788  valid_placed=0.333  valid_rate=0.911  fraction_placed=0.380  n_eps=79
[trio-notch] iter   51  mean_ep_reward=-172.087  valid_placed=0.321  valid_rate=0.893  fraction_placed=0.389  n_eps=84
[trio-notch] iter   52  mean_ep_reward=-144.586  valid_placed=0.325  valid_rate=0.940  fraction_placed=0.377  n_eps=84
[trio-notch] iter   53  mean_ep_reward=-64.760  valid_placed=0.300  valid_rate=0.926  fraction_placed=0.350  n_eps=81
[trio-notch] iter   54  mean_ep_reward=+39.387  valid_placed=0.321  valid_rate=0.938  fraction_placed=0.358  n_eps=81
[trio-notch] iter   55  mean_ep_reward=+49.652  valid_placed=0.325  valid_rate=0.950  fraction_placed=0.342  n_eps=80
[trio-notch] iter   56  mean_ep_reward=+41.629  valid_placed=0.325  valid_rate=0.925  fraction_placed=0.362  n_eps=80
[trio-notch] iter   57  mean_ep_reward=-153.491  valid_placed=0.256  valid_rate=0.733  fraction_placed=0.438  n_eps=86
[trio-notch] iter   58  mean_ep_reward=-29.074  valid_placed=0.321  valid_rate=0.951  fraction_placed=0.354  n_eps=81
[trio-notch] iter   59  mean_ep_reward=+29.285  valid_placed=0.312  valid_rate=0.912  fraction_placed=0.358  n_eps=80
[trio-notch] iter   60  mean_ep_reward=-70.108  valid_placed=0.321  valid_rate=0.928  fraction_placed=0.373  n_eps=83
[trio-notch] iter   61  mean_ep_reward=-178.608  valid_placed=0.290  valid_rate=0.835  fraction_placed=0.400  n_eps=85
[trio-notch] iter   62  mean_ep_reward=-376.377  valid_placed=0.276  valid_rate=0.828  fraction_placed=0.391  n_eps=87
[trio-notch] promoted by budget-plateau
[trio-notch-strict] iter    0  mean_ep_reward=-263.538  valid_placed=0.303  valid_rate=0.864  fraction_placed=0.409  n_eps=88
[trio-notch-strict] iter    1  mean_ep_reward=-314.046  valid_placed=0.280  valid_rate=0.841  fraction_placed=0.398  n_eps=88
[trio-notch-strict] iter    2  mean_ep_reward=-2647.460  valid_placed=0.121  valid_rate=0.362  fraction_placed=0.722  n_eps=138
[trio-notch-strict] iter    3  mean_ep_reward=-2535.011  valid_placed=0.094  valid_rate=0.359  fraction_placed=0.682  n_eps=131
[trio-notch-strict] iter    4  mean_ep_reward=-524.906  valid_placed=0.208  valid_rate=0.718  fraction_placed=0.392  n_eps=85
[trio-notch-strict] iter    5  mean_ep_reward=-293.320  valid_placed=0.273  valid_rate=0.843  fraction_placed=0.369  n_eps=83
[trio-notch-strict] iter    6  mean_ep_reward=-309.256  valid_placed=0.260  valid_rate=0.878  fraction_placed=0.341  n_eps=82
[trio-notch-strict] iter    7  mean_ep_reward=-809.722  valid_placed=0.203  valid_rate=0.717  fraction_placed=0.420  n_eps=92
[trio-notch-strict] iter    8  mean_ep_reward=-476.174  valid_placed=0.238  valid_rate=0.769  fraction_placed=0.407  n_eps=91
[trio-notch-strict] iter    9  mean_ep_reward=-981.990  valid_placed=0.211  valid_rate=0.742  fraction_placed=0.437  n_eps=93
[trio-notch-strict] iter   10  mean_ep_reward=-692.069  valid_placed=0.232  valid_rate=0.843  fraction_placed=0.363  n_eps=89
[trio-notch-strict] iter   11  mean_ep_reward=-93.274  valid_placed=0.236  valid_rate=0.951  fraction_placed=0.264  n_eps=82
[trio-notch-strict] iter   12  mean_ep_reward=-273.325  valid_placed=0.214  valid_rate=0.845  fraction_placed=0.310  n_eps=84
[trio-notch-strict] iter   13  mean_ep_reward=-389.400  valid_placed=0.226  valid_rate=0.790  fraction_placed=0.346  n_eps=81
[trio-notch-strict] iter   14  mean_ep_reward=-495.668  valid_placed=0.171  valid_rate=0.837  fraction_placed=0.283  n_eps=86
[trio-notch-strict] iter   15  mean_ep_reward=-455.960  valid_placed=0.230  valid_rate=0.885  fraction_placed=0.330  n_eps=87
[trio-notch-strict] iter   16  mean_ep_reward=-118.013  valid_placed=0.263  valid_rate=0.926  fraction_placed=0.305  n_eps=81
[trio-notch-strict] iter   17  mean_ep_reward=-76.984  valid_placed=0.236  valid_rate=0.930  fraction_placed=0.287  n_eps=86
[trio-notch-strict] iter   18  mean_ep_reward=-127.967  valid_placed=0.229  valid_rate=0.855  fraction_placed=0.301  n_eps=83
[trio-notch-strict] iter   19  mean_ep_reward=-304.981  valid_placed=0.227  valid_rate=0.824  fraction_placed=0.333  n_eps=85
[trio-notch-strict] iter   20  mean_ep_reward=-2263.148  valid_placed=0.116  valid_rate=0.470  fraction_placed=0.499  n_eps=115
[trio-notch-strict] iter   21  mean_ep_reward=-1656.022  valid_placed=0.153  valid_rate=0.550  fraction_placed=0.437  n_eps=100
[trio-notch-strict] iter   22  mean_ep_reward=-1363.410  valid_placed=0.150  valid_rate=0.622  fraction_placed=0.398  n_eps=98
[trio-notch-strict] iter   23  mean_ep_reward=-672.221  valid_placed=0.204  valid_rate=0.800  fraction_placed=0.330  n_eps=90
[trio-notch-strict] iter   24  mean_ep_reward=-17.171  valid_placed=0.285  valid_rate=0.939  fraction_placed=0.305  n_eps=82
[trio-notch-strict] iter   25  mean_ep_reward=-263.752  valid_placed=0.270  valid_rate=0.929  fraction_placed=0.333  n_eps=84
[trio-notch-strict] iter   26  mean_ep_reward=-668.961  valid_placed=0.256  valid_rate=0.844  fraction_placed=0.404  n_eps=90
[trio-notch-strict] iter   27  mean_ep_reward=-362.160  valid_placed=0.266  valid_rate=0.910  fraction_placed=0.356  n_eps=89
[trio-notch-strict] iter   28  mean_ep_reward=-301.975  valid_placed=0.267  valid_rate=0.918  fraction_placed=0.341  n_eps=85
[trio-notch-strict] iter   29  mean_ep_reward=-83.716  valid_placed=0.282  valid_rate=0.964  fraction_placed=0.310  n_eps=84
[trio-notch-strict] iter   30  mean_ep_reward=-14.808  valid_placed=0.278  valid_rate=0.988  fraction_placed=0.290  n_eps=85
[trio-notch-strict] iter   31  mean_ep_reward=+37.646  valid_placed=0.282  valid_rate=0.953  fraction_placed=0.298  n_eps=85
[trio-notch-strict] iter   32  mean_ep_reward=-24.125  valid_placed=0.280  valid_rate=0.932  fraction_placed=0.311  n_eps=88
[trio-notch-strict] iter   33  mean_ep_reward=+30.486  valid_placed=0.285  valid_rate=0.978  fraction_placed=0.293  n_eps=90
[trio-notch-strict] iter   34  mean_ep_reward=-15.960  valid_placed=0.293  valid_rate=0.978  fraction_placed=0.307  n_eps=90
[trio-notch-strict] iter   35  mean_ep_reward=-439.110  valid_placed=0.275  valid_rate=0.849  fraction_placed=0.380  n_eps=86
[trio-notch-strict] iter   36  mean_ep_reward=-462.983  valid_placed=0.250  valid_rate=0.848  fraction_placed=0.366  n_eps=92
[trio-notch-strict] iter   37  mean_ep_reward=+46.020  valid_placed=0.300  valid_rate=1.000  fraction_placed=0.300  n_eps=89
[trio-notch-strict] iter   38  mean_ep_reward=+53.764  valid_placed=0.329  valid_rate=1.000  fraction_placed=0.329  n_eps=82
[trio-notch-strict] iter   39  mean_ep_reward=+36.014  valid_placed=0.299  valid_rate=0.989  fraction_placed=0.307  n_eps=87
[trio-notch-strict] iter   40  mean_ep_reward=-111.320  valid_placed=0.295  valid_rate=0.886  fraction_placed=0.356  n_eps=88
[trio-notch-strict] iter   41  mean_ep_reward=+35.446  valid_placed=0.302  valid_rate=0.905  fraction_placed=0.333  n_eps=84
[trio-notch-strict] iter   42  mean_ep_reward=+42.847  valid_placed=0.291  valid_rate=0.977  fraction_placed=0.299  n_eps=87
[trio-notch-strict] iter   43  mean_ep_reward=-190.733  valid_placed=0.254  valid_rate=0.864  fraction_placed=0.322  n_eps=88
[trio-notch-strict] iter   44  mean_ep_reward=-602.981  valid_placed=0.253  valid_rate=0.781  fraction_placed=0.413  n_eps=96
[trio-notch-strict] iter   45  mean_ep_reward=-81.165  valid_placed=0.277  valid_rate=0.895  fraction_placed=0.326  n_eps=95
[trio-notch-strict] iter   46  mean_ep_reward=+27.795  valid_placed=0.284  valid_rate=0.937  fraction_placed=0.305  n_eps=95
[trio-notch-strict] iter   47  mean_ep_reward=-36.095  valid_placed=0.275  valid_rate=0.990  fraction_placed=0.285  n_eps=97
[trio-notch-strict] iter   48  mean_ep_reward=+44.158  valid_placed=0.288  valid_rate=1.000  fraction_placed=0.288  n_eps=96
[trio-notch-strict] promoted by budget-plateau
