[trio-box] iter    0  mean_ep_reward=-390.378  valid_placed=0.125  valid_rate=0.125  fraction_placed=0.998  n_eps=160
[trio-box] iter    1  mean_ep_reward=-544.533  valid_placed=0.167  valid_rate=0.177  fraction_placed=0.989  n_eps=158
[trio-box] iter    2  mean_ep_reward=-1944.452  valid_placed=0.068  valid_rate=0.068  fraction_placed=1.000  n_eps=206
[trio-box] iter    3  mean_ep_reward=-1627.341  valid_placed=0.088  valid_rate=0.128  fraction_placed=0.959  n_eps=148
[trio-box] iter    4  mean_ep_reward=-1364.176  valid_placed=0.096  valid_rate=0.136  fraction_placed=0.955  n_eps=132
[trio-box] iter    5  mean_ep_reward=-1797.813  valid_placed=0.055  valid_rate=0.135  fraction_placed=0.912  n_eps=133
[trio-box] iter    6  mean_ep_reward=-1125.886  valid_placed=0.077  valid_rate=0.254  fraction_placed=0.817  n_eps=122
[trio-box] iter    7  mean_ep_reward=-871.144  valid_placed=0.083  valid_rate=0.250  fraction_placed=0.821  n_eps=112
[trio-box] iter    8  mean_ep_reward=-2149.173  valid_placed=0.027  valid_rate=0.104  fraction_placed=0.923  n_eps=134
[trio-box] iter    9  mean_ep_reward=-1846.591  valid_placed=0.027  valid_rate=0.268  fraction_placed=0.758  n_eps=138
[trio-box] iter   10  mean_ep_reward=-1837.357  valid_placed=0.044  valid_rate=0.255  fraction_placed=0.788  n_eps=137
[trio-box] iter   11  mean_ep_reward=-1300.118  valid_placed=0.051  valid_rate=0.203  fraction_placed=0.842  n_eps=118
[trio-box] iter   12  mean_ep_reward=-915.208  valid_placed=0.110  valid_rate=0.387  fraction_placed=0.723  n_eps=106
[trio-box] iter   13  mean_ep_reward=-1484.206  valid_placed=0.050  valid_rate=0.308  fraction_placed=0.742  n_eps=133
[trio-box] iter   14  mean_ep_reward=-1999.231  valid_placed=0.024  valid_rate=0.223  fraction_placed=0.796  n_eps=139
[trio-box] iter   15  mean_ep_reward=-1656.427  valid_placed=0.051  valid_rate=0.268  fraction_placed=0.778  n_eps=123
[trio-box] iter   16  mean_ep_reward=-1136.641  valid_placed=0.077  valid_rate=0.311  fraction_placed=0.746  n_eps=122
[trio-box] iter   17  mean_ep_reward=-1787.227  valid_placed=0.041  valid_rate=0.229  fraction_placed=0.812  n_eps=131
[trio-box] iter   18  mean_ep_reward=-1399.041  valid_placed=0.042  valid_rate=0.283  fraction_placed=0.753  n_eps=127
[trio-box] iter   19  mean_ep_reward=-1875.208  valid_placed=0.029  valid_rate=0.255  fraction_placed=0.754  n_eps=137
[trio-box] iter   20  mean_ep_reward=-2237.093  valid_placed=0.027  valid_rate=0.165  fraction_placed=0.863  n_eps=158
[trio-box] iter   21  mean_ep_reward=-1744.324  valid_placed=0.039  valid_rate=0.243  fraction_placed=0.787  n_eps=136
[trio-box] iter   22  mean_ep_reward=-2360.505  valid_placed=0.021  valid_rate=0.163  fraction_placed=0.854  n_eps=160
[trio-box] iter   23  mean_ep_reward=-1683.097  valid_placed=0.035  valid_rate=0.238  fraction_placed=0.793  n_eps=143
[trio-box] iter   24  mean_ep_reward=-2122.418  valid_placed=0.026  valid_rate=0.116  fraction_placed=0.907  n_eps=164
[trio-box] iter   25  mean_ep_reward=-2023.105  valid_placed=0.042  valid_rate=0.145  fraction_placed=0.893  n_eps=152
[trio-box] iter   26  mean_ep_reward=-1664.901  valid_placed=0.069  valid_rate=0.237  fraction_placed=0.820  n_eps=135
[trio-box] iter   27  mean_ep_reward=-1771.822  valid_placed=0.076  valid_rate=0.252  fraction_placed=0.819  n_eps=127
[trio-box] iter   28  mean_ep_reward=-969.592  valid_placed=0.131  valid_rate=0.455  fraction_placed=0.661  n_eps=112
[trio-box] iter   29  mean_ep_reward=-1790.178  valid_placed=0.075  valid_rate=0.284  fraction_placed=0.786  n_eps=134
[trio-box] iter   30  mean_ep_reward=-1898.316  valid_placed=0.088  valid_rate=0.279  fraction_placed=0.800  n_eps=140
[trio-box] iter   31  mean_ep_reward=-2001.057  valid_placed=0.109  valid_rate=0.348  fraction_placed=0.751  n_eps=138
[trio-box] iter   32  mean_ep_reward=-1723.108  valid_placed=0.142  valid_rate=0.441  fraction_placed=0.696  n_eps=127
[trio-box] iter   33  mean_ep_reward=-1930.632  valid_placed=0.141  valid_rate=0.422  fraction_placed=0.704  n_eps=135
[trio-box] iter   34  mean_ep_reward=-1411.551  valid_placed=0.206  valid_rate=0.608  fraction_placed=0.592  n_eps=120
[trio-box] iter   35  mean_ep_reward=-909.919  valid_placed=0.254  valid_rate=0.761  fraction_placed=0.471  n_eps=109
[trio-box] iter   36  mean_ep_reward=-937.306  valid_placed=0.235  valid_rate=0.704  fraction_placed=0.494  n_eps=108
[trio-box] iter   37  mean_ep_reward=-1613.245  valid_placed=0.174  valid_rate=0.522  fraction_placed=0.647  n_eps=134
[trio-box] iter   38  mean_ep_reward=-2218.477  valid_placed=0.138  valid_rate=0.413  fraction_placed=0.696  n_eps=138
[trio-box] iter   39  mean_ep_reward=-1286.148  valid_placed=0.209  valid_rate=0.627  fraction_placed=0.556  n_eps=126
[trio-box] iter   40  mean_ep_reward=-832.322  valid_placed=0.242  valid_rate=0.726  fraction_placed=0.493  n_eps=117
[trio-box] iter   41  mean_ep_reward=+15.015  valid_placed=0.320  valid_rate=0.960  fraction_placed=0.340  n_eps=101
[trio-box] iter   42  mean_ep_reward=-213.944  valid_placed=0.307  valid_rate=0.922  fraction_placed=0.372  n_eps=103
[trio-box] iter   43  mean_ep_reward=-134.499  valid_placed=0.308  valid_rate=0.924  fraction_placed=0.371  n_eps=105
[trio-box] iter   44  mean_ep_reward=+38.649  valid_placed=0.317  valid_rate=0.952  fraction_placed=0.333  n_eps=105
[trio-box] iter   45  mean_ep_reward=-136.237  valid_placed=0.313  valid_rate=0.938  fraction_placed=0.375  n_eps=113
[trio-box] iter   46  mean_ep_reward=-331.507  valid_placed=0.299  valid_rate=0.896  fraction_placed=0.403  n_eps=115
[trio-box] iter   47  mean_ep_reward=-188.095  valid_placed=0.310  valid_rate=0.930  fraction_placed=0.374  n_eps=115
[trio-box] iter   48  mean_ep_reward=-99.240  valid_placed=0.325  valid_rate=0.974  fraction_placed=0.351  n_eps=114
[trio-box] iter   49  mean_ep_reward=-184.916  valid_placed=0.316  valid_rate=0.948  fraction_placed=0.368  n_eps=115
[trio-box] iter   50  mean_ep_reward=-289.475  valid_placed=0.305  valid_rate=0.915  fraction_placed=0.390  n_eps=118
[trio-box] iter   51  mean_ep_reward=-432.714  valid_placed=0.295  valid_rate=0.886  fraction_placed=0.404  n_eps=123
[trio-box] iter   52  mean_ep_reward=-149.303  valid_placed=0.319  valid_rate=0.957  fraction_placed=0.356  n_eps=116
[trio-box] iter   53  mean_ep_reward=+48.517  valid_placed=0.333  valid_rate=1.000  fraction_placed=0.333  n_eps=112
[trio-box] iter   54  mean_ep_reward=+49.299  valid_placed=0.330  valid_rate=0.991  fraction_placed=0.333  n_eps=112
[trio-box] iter   55  mean_ep_reward=-102.365  valid_placed=0.322  valid_rate=0.965  fraction_placed=0.357  n_eps=115
[trio-box] iter   56  mean_ep_reward=+47.571  valid_placed=0.330  valid_rate=0.991  fraction_placed=0.333  n_eps=112
[trio-box] iter   57  mean_ep_reward=+49.586  valid_placed=0.333  valid_rate=1.000  fraction_placed=0.333  n_eps=112
[trio-box] iter   58  mean_ep_reward=+47.055  valid_placed=0.330  valid_rate=0.991  fraction_placed=0.333  n_eps=112
[trio-box] iter   59  mean_ep_reward=-260.913  valid_placed=0.311  valid_rate=0.932  fraction_placed=0.379  n_eps=118
[trio-box] iter   60  mean_ep_reward=-277.446  valid_placed=0.308  valid_rate=0.924  fraction_placed=0.384  n_eps=118
[trio-box] iter   61  mean_ep_reward=-80.775  valid_placed=0.325  valid_rate=0.974  fraction_placed=0.351  n_eps=115
[trio-box] iter   62  mean_ep_reward=+47.049  valid_placed=0.327  valid_rate=0.991  fraction_placed=0.330  n_eps=112
[trio-box] iter   63  mean_ep_reward=-10.132  valid_placed=0.324  valid_rate=0.973  fraction_placed=0.345  n_eps=113
[trio-box] iter   64  mean_ep_reward=-83.069  valid_placed=0.325  valid_rate=0.974  fraction_placed=0.351  n_eps=115
[trio-box] iter   65  mean_ep_reward=+49.506  valid_placed=0.330  valid_rate=0.991  fraction_placed=0.333  n_eps=112
[trio-box] iter   66  mean_ep_reward=-41.070  valid_placed=0.322  valid_rate=0.965  fraction_placed=0.348  n_eps=114
[trio-box] iter   67  mean_ep_reward=-62.659  valid_placed=0.318  valid_rate=0.955  fraction_placed=0.354  n_eps=112
[trio-box] iter   68  mean_ep_reward=+26.919  valid_placed=0.330  valid_rate=0.991  fraction_placed=0.336  n_eps=112
[trio-box] iter   69  mean_ep_reward=-38.200  valid_placed=0.330  valid_rate=0.982  fraction_placed=0.348  n_eps=113
[trio-box] iter   70  mean_ep_reward=+50.465  valid_placed=0.333  valid_rate=1.000  fraction_placed=0.333  n_eps=112
[trio-box] iter   71  mean_ep_reward=+46.117  valid_placed=0.333  valid_rate=1.000  fraction_placed=0.333  n_eps=112
[trio-box] iter   72  mean_ep_reward=-314.595  valid_placed=0.311  valid_rate=0.933  fraction_placed=0.378  n_eps=119
[trio-box] iter   73  mean_ep_reward=+6.531  valid_placed=0.330  valid_rate=0.991  fraction_placed=0.339  n_eps=113
[trio-box] iter   74  mean_ep_reward=+51.061  valid_placed=0.333  valid_rate=1.000  fraction_placed=0.333  n_eps=112
[trio-box] iter   75  mean_ep_reward=+31.865  valid_placed=0.330  valid_rate=0.991  fraction_placed=0.339  n_eps=113
[trio-box] iter   76  mean_ep_reward=-12.848  valid_placed=0.327  valid_rate=0.982  fraction_placed=0.345  n_eps=114
[trio-box] iter   77  mean_ep_reward=+47.850  valid_placed=0.330  valid_rate=0.991  fraction_placed=0.333  n_eps=112
[trio-box] iter   78  mean_ep_reward=+50.167  valid_placed=0.336  valid_rate=1.000  fraction_placed=0.336  n_eps=112
[trio-box] iter   79  mean_ep_reward=-188.168  valid_placed=0.302  valid_rate=0.907  fraction_placed=0.356  n_eps=118
[trio-box] iter   80  mean_ep_reward=+25.623  valid_placed=0.206  valid_rate=1.000  fraction_placed=0.206  n_eps=126
[trio-box] iter   81  mean_ep_reward=-35.981  valid_placed=0.226  valid_rate=0.984  fraction_placed=0.237  n_eps=124
[trio-box] iter   82  mean_ep_reward=-2888.664  valid_placed=0.172  valid_rate=0.515  fraction_placed=0.653  n_eps=171
[trio-box] iter   83  mean_ep_reward=-2934.701  valid_placed=0.190  valid_rate=0.569  fraction_placed=0.621  n_eps=195
[trio-box] iter   84  mean_ep_reward=-1756.059  valid_placed=0.205  valid_rate=0.616  fraction_placed=0.576  n_eps=172
[trio-box] iter   85  mean_ep_reward=-1152.258  valid_placed=0.252  valid_rate=0.755  fraction_placed=0.483  n_eps=143
[trio-box] iter   86  mean_ep_reward=-191.768  valid_placed=0.314  valid_rate=0.941  fraction_placed=0.367  n_eps=118
[trio-box] iter   87  mean_ep_reward=-883.888  valid_placed=0.267  valid_rate=0.801  fraction_placed=0.466  n_eps=136
[trio-box] iter   88  mean_ep_reward=-8.114  valid_placed=0.320  valid_rate=0.959  fraction_placed=0.339  n_eps=121
[trio-box] iter   89  mean_ep_reward=-46.043  valid_placed=0.325  valid_rate=0.975  fraction_placed=0.344  n_eps=122
[trio-box] iter   90  mean_ep_reward=-0.791  valid_placed=0.322  valid_rate=0.966  fraction_placed=0.339  n_eps=117
[trio-box] iter   91  mean_ep_reward=+50.969  valid_placed=0.333  valid_rate=1.000  fraction_placed=0.333  n_eps=112
[trio-box] iter   92  mean_ep_reward=+4.730  valid_placed=0.327  valid_rate=0.982  fraction_placed=0.339  n_eps=113
[trio-box] iter   93  mean_ep_reward=-15.876  valid_placed=0.327  valid_rate=0.982  fraction_placed=0.339  n_eps=113
[trio-box] iter   94  mean_ep_reward=+51.396  valid_placed=0.330  valid_rate=0.991  fraction_placed=0.333  n_eps=112
[trio-box] iter   95  mean_ep_reward=-75.438  valid_placed=0.322  valid_rate=0.965  fraction_placed=0.351  n_eps=115
[trio-box] iter   96  mean_ep_reward=+51.603  valid_placed=0.333  valid_rate=1.000  fraction_placed=0.333  n_eps=112
[trio-box] iter   97  mean_ep_reward=+50.291  valid_placed=0.333  valid_rate=1.000  fraction_placed=0.333  n_eps=112
[trio-box] iter   98  mean_ep_reward=+9.116  valid_placed=0.330  valid_rate=0.991  fraction_placed=0.339  n_eps=113
[trio-box] iter   99  mean_ep_reward=-2860.420  valid_placed=0.140  valid_rate=0.467  fraction_placed=0.562  n_eps=150
[trio-box] iter  100  mean_ep_reward=-1417.633  valid_placed=0.235  valid_rate=0.763  fraction_placed=0.458  n_eps=139
[trio-box] iter  101  mean_ep_reward=-156.808  valid_placed=0.316  valid_rate=0.957  fraction_placed=0.353  n_eps=116
[trio-box] iter  102  mean_ep_reward=-198.096  valid_placed=0.316  valid_rate=0.949  fraction_placed=0.367  n_eps=118
[trio-box] iter  103  mean_ep_reward=+5.616  valid_placed=0.330  valid_rate=0.991  fraction_placed=0.339  n_eps=113
[trio-box] iter  104  mean_ep_reward=-2.309  valid_placed=0.330  valid_rate=0.991  fraction_placed=0.339  n_eps=112
[trio-box] iter  105  mean_ep_reward=-133.055  valid_placed=0.316  valid_rate=0.949  fraction_placed=0.362  n_eps=117
[trio-box] iter  106  mean_ep_reward=+44.843  valid_placed=0.315  valid_rate=1.000  fraction_placed=0.315  n_eps=112
[trio-box] iter  107  mean_ep_reward=+17.012  valid_placed=0.330  valid_rate=0.982  fraction_placed=0.345  n_eps=113
[trio-box] iter  108  mean_ep_reward=+8.609  valid_placed=0.324  valid_rate=0.991  fraction_placed=0.333  n_eps=112
[trio-box] iter  109  mean_ep_reward=+51.970  valid_placed=0.333  valid_rate=1.000  fraction_placed=0.333  n_eps=112
[trio-box] iter  110  mean_ep_reward=-5.683  valid_placed=0.304  valid_rate=0.964  fraction_placed=0.321  n_eps=112
[trio-box] iter  111  mean_ep_reward=-66.466  valid_placed=0.128  valid_rate=0.920  fraction_placed=0.161  n_eps=112
[trio-box] iter  112  mean_ep_reward=-187.669  valid_placed=0.134  valid_rate=0.932  fraction_placed=0.179  n_eps=117
[trio-box] iter  113  mean_ep_reward=-721.745  valid_placed=0.244  valid_rate=0.840  fraction_placed=0.387  n_eps=119
[trio-box] iter  114  mean_ep_reward=-197.703  valid_placed=0.264  valid_rate=0.891  fraction_placed=0.330  n_eps=110
[trio-box] iter  115  mean_ep_reward=-462.449  valid_placed=0.258  valid_rate=0.864  fraction_placed=0.364  n_eps=110
[trio-box] iter  116  mean_ep_reward=-105.288  valid_placed=0.293  valid_rate=0.935  fraction_placed=0.333  n_eps=107
[trio-box] iter  117  mean_ep_reward=+1.339  valid_placed=0.315  valid_rate=0.973  fraction_placed=0.330  n_eps=112
[trio-box] iter  118  mean_ep_reward=-378.076  valid_placed=0.287  valid_rate=0.880  fraction_placed=0.389  n_eps=108
[trio-box] iter  119  mean_ep_reward=+37.945  valid_placed=0.292  valid_rate=0.896  fraction_placed=0.327  n_eps=106
[trio-box] iter  120  mean_ep_reward=+0.972  valid_placed=0.299  valid_rate=0.927  fraction_placed=0.330  n_eps=96
[trio-box] iter  121  mean_ep_reward=-59.695  valid_placed=0.265  valid_rate=0.908  fraction_placed=0.310  n_eps=98
[trio-box] iter  122  mean_ep_reward=-173.240  valid_placed=0.230  valid_rate=0.755  fraction_placed=0.351  n_eps=94
[trio-box] iter  123  mean_ep_reward=-648.945  valid_placed=0.168  valid_rate=0.642  fraction_placed=0.386  n_eps=95
[trio-box] iter  124  mean_ep_reward=-1161.363  valid_placed=0.114  valid_rate=0.461  fraction_placed=0.461  n_eps=102
[trio-box] iter  125  mean_ep_reward=-322.200  valid_placed=0.158  valid_rate=0.725  fraction_placed=0.293  n_eps=91
[trio-box] iter  126  mean_ep_reward=-113.133  valid_placed=0.186  valid_rate=0.895  fraction_placed=0.242  n_eps=95
[trio-box] iter  127  mean_ep_reward=-809.036  valid_placed=0.125  valid_rate=0.646  fraction_placed=0.326  n_eps=96
[trio-box] iter  128  mean_ep_reward=-62.021  valid_placed=0.196  valid_rate=0.856  fraction_placed=0.252  n_eps=90
[trio-box] iter  129  mean_ep_reward=+7.935  valid_placed=0.196  valid_rate=0.837  fraction_placed=0.250  n_eps=92
[trio-box] iter  130  mean_ep_reward=-772.081  valid_placed=0.201  valid_rate=0.781  fraction_placed=0.365  n_eps=96
[trio-box] iter  131  mean_ep_reward=-122.055  valid_placed=0.189  valid_rate=0.830  fraction_placed=0.261  n_eps=88
[trio-box] iter  132  mean_ep_reward=-280.341  valid_placed=0.206  valid_rate=0.907  fraction_placed=0.265  n_eps=97
[trio-box] iter  133  mean_ep_reward=-480.571  valid_placed=0.216  valid_rate=0.866  fraction_placed=0.323  n_eps=97
[trio-box] iter  134  mean_ep_reward=-433.509  valid_placed=0.185  valid_rate=0.891  fraction_placed=0.274  n_eps=101
[trio-box] iter  135  mean_ep_reward=-401.474  valid_placed=0.218  valid_rate=0.901  fraction_placed=0.304  n_eps=101
[trio-box] iter  136  mean_ep_reward=-48.437  valid_placed=0.215  valid_rate=0.970  fraction_placed=0.239  n_eps=99
[trio-box] iter  137  mean_ep_reward=+21.323  valid_placed=0.214  valid_rate=0.969  fraction_placed=0.224  n_eps=98
[trio-box] iter  138  mean_ep_reward=-18.268  valid_placed=0.260  valid_rate=0.979  fraction_placed=0.274  n_eps=96
[trio-box] iter  139  mean_ep_reward=-144.697  valid_placed=0.221  valid_rate=0.959  fraction_placed=0.255  n_eps=98
[trio-box] iter  140  mean_ep_reward=+20.454  valid_placed=0.191  valid_rate=0.990  fraction_placed=0.194  n_eps=103
[trio-box] iter  141  mean_ep_reward=-25.607  valid_placed=0.240  valid_rate=0.980  fraction_placed=0.253  n_eps=100
[trio-box] iter  142  mean_ep_reward=+2.539  valid_placed=0.242  valid_rate=0.990  fraction_placed=0.249  n_eps=99
[trio-box] iter  143  mean_ep_reward=-19.211  valid_placed=0.228  valid_rate=0.980  fraction_placed=0.241  n_eps=101
[trio-box] iter  144  mean_ep_reward=+36.631  valid_placed=0.267  valid_rate=0.990  fraction_placed=0.271  n_eps=96
[trio-box] iter  145  mean_ep_reward=+37.204  valid_placed=0.262  valid_rate=0.926  fraction_placed=0.287  n_eps=94
[trio-box] iter  146  mean_ep_reward=-74.246  valid_placed=0.315  valid_rate=0.967  fraction_placed=0.341  n_eps=92
[trio-box] iter  147  mean_ep_reward=-168.486  valid_placed=0.301  valid_rate=0.925  fraction_placed=0.355  n_eps=93
[trio-box] iter  148  mean_ep_reward=-1079.126  valid_placed=0.246  valid_rate=0.746  fraction_placed=0.482  n_eps=114
[trio-box] iter  149  mean_ep_reward=-36.428  valid_placed=0.297  valid_rate=0.946  fraction_placed=0.322  n_eps=92
[trio-box] iter  150  mean_ep_reward=+32.122  valid_placed=0.323  valid_rate=0.968  fraction_placed=0.337  n_eps=94
[trio-box] iter  151  mean_ep_reward=-1810.181  valid_placed=0.194  valid_rate=0.581  fraction_placed=0.608  n_eps=124
[trio-box] iter  152  mean_ep_reward=-109.493  valid_placed=0.304  valid_rate=0.913  fraction_placed=0.351  n_eps=92
[trio-box] iter  153  mean_ep_reward=-323.695  valid_placed=0.286  valid_rate=0.870  fraction_placed=0.380  n_eps=92
[trio-box] iter  154  mean_ep_reward=+52.085  valid_placed=0.330  valid_rate=1.000  fraction_placed=0.330  n_eps=91
[trio-box] iter  155  mean_ep_reward=-773.852  valid_placed=0.265  valid_rate=0.794  fraction_placed=0.450  n_eps=97
[trio-box] iter  156  mean_ep_reward=+0.390  valid_placed=0.309  valid_rate=0.927  fraction_placed=0.340  n_eps=96
[trio-box] iter  157  mean_ep_reward=-13.226  valid_placed=0.316  valid_rate=0.948  fraction_placed=0.340  n_eps=97
[trio-box] iter  158  mean_ep_reward=-105.918  valid_placed=0.313  valid_rate=0.939  fraction_placed=0.354  n_eps=98
[trio-box] iter  159  mean_ep_reward=-702.278  valid_placed=0.262  valid_rate=0.786  fraction_placed=0.423  n_eps=112
[trio-box] iter  160  mean_ep_reward=-432.722  valid_placed=0.298  valid_rate=0.894  fraction_placed=0.391  n_eps=104
[trio-box] iter  161  mean_ep_reward=-172.382  valid_placed=0.313  valid_rate=0.940  fraction_placed=0.360  n_eps=100
[trio-box] iter  162  mean_ep_reward=+51.075  valid_placed=0.327  valid_rate=0.981  fraction_placed=0.333  n_eps=104
[trio-box] iter  163  mean_ep_reward=-59.535  valid_placed=0.315  valid_rate=0.944  fraction_placed=0.346  n_eps=107
[trio-box] iter  164  mean_ep_reward=+53.793  valid_placed=0.333  valid_rate=1.000  fraction_placed=0.333  n_eps=109
[trio-box] iter  165  mean_ep_reward=-202.550  valid_placed=0.310  valid_rate=0.929  fraction_placed=0.369  n_eps=113
[trio-box] iter  166  mean_ep_reward=+53.507  valid_placed=0.333  valid_rate=1.000  fraction_placed=0.333  n_eps=112
[trio-box] iter  167  mean_ep_reward=-329.588  valid_placed=0.287  valid_rate=0.862  fraction_placed=0.405  n_eps=116
[trio-box] iter  168  mean_ep_reward=-282.574  valid_placed=0.295  valid_rate=0.886  fraction_placed=0.380  n_eps=114
[trio-box] iter  169  mean_ep_reward=+5.839  valid_placed=0.327  valid_rate=0.982  fraction_placed=0.339  n_eps=111
[trio-box] iter  170  mean_ep_reward=+45.276  valid_placed=0.321  valid_rate=0.964  fraction_placed=0.333  n_eps=112
[trio-box] iter  171  mean_ep_reward=+6.745  valid_placed=0.319  valid_rate=0.956  fraction_placed=0.339  n_eps=113
[trio-box] iter  172  mean_ep_reward=-1601.474  valid_placed=0.217  valid_rate=0.651  fraction_placed=0.561  n_eps=129
[trio-box] iter  173  mean_ep_reward=-2925.264  valid_placed=0.127  valid_rate=0.380  fraction_placed=0.747  n_eps=158
[trio-box] iter  174  mean_ep_reward=-396.119  valid_placed=0.302  valid_rate=0.906  fraction_placed=0.396  n_eps=117
[trio-box] iter  175  mean_ep_reward=-108.426  valid_placed=0.321  valid_rate=0.964  fraction_placed=0.357  n_eps=112
[trio-box] iter  176  mean_ep_reward=-481.596  valid_placed=0.308  valid_rate=0.925  fraction_placed=0.383  n_eps=120
[trio-box] iter  177  mean_ep_reward=-91.625  valid_placed=0.324  valid_rate=0.973  fraction_placed=0.351  n_eps=113
[trio-box] iter  178  mean_ep_reward=-4631.026  valid_placed=0.004  valid_rate=0.011  fraction_placed=0.992  n_eps=264
[trio-box] iter  179  mean_ep_reward=-3121.950  valid_placed=0.108  valid_rate=0.325  fraction_placed=0.783  n_eps=169
[trio-box] iter  180  mean_ep_reward=-1473.315  valid_placed=0.224  valid_rate=0.672  fraction_placed=0.547  n_eps=134
[trio-box] iter  181  mean_ep_reward=-913.849  valid_placed=0.260  valid_rate=0.780  fraction_placed=0.469  n_eps=123
[trio-box] iter  182  mean_ep_reward=-475.404  valid_placed=0.297  valid_rate=0.890  fraction_placed=0.407  n_eps=118
[trio-box] iter  183  mean_ep_reward=-576.915  valid_placed=0.288  valid_rate=0.864  fraction_placed=0.421  n_eps=118
[trio-box] iter  184  mean_ep_reward=-6.030  valid_placed=0.303  valid_rate=0.909  fraction_placed=0.339  n_eps=110
[trio-box] iter  185  mean_ep_reward=-199.564  valid_placed=0.301  valid_rate=0.903  fraction_placed=0.369  n_eps=113
[trio-box] iter  186  mean_ep_reward=-471.501  valid_placed=0.265  valid_rate=0.795  fraction_placed=0.405  n_eps=112
[trio-box] iter  187  mean_ep_reward=-1322.688  valid_placed=0.223  valid_rate=0.669  fraction_placed=0.516  n_eps=124
[trio-box] iter  188  mean_ep_reward=-294.059  valid_placed=0.290  valid_rate=0.880  fraction_placed=0.367  n_eps=108
[trio-box] iter  189  mean_ep_reward=-10.040  valid_placed=0.324  valid_rate=0.972  fraction_placed=0.340  n_eps=108
[trio-box] iter  190  mean_ep_reward=+9.582  valid_placed=0.321  valid_rate=0.964  fraction_placed=0.339  n_eps=112
[trio-box] iter  191  mean_ep_reward=+22.494  valid_placed=0.295  valid_rate=0.884  fraction_placed=0.333  n_eps=112
[trio-box] iter  192  mean_ep_reward=+2.395  valid_placed=0.330  valid_rate=0.991  fraction_placed=0.339  n_eps=113
[trio-box] iter  193  mean_ep_reward=+56.190  valid_placed=0.333  valid_rate=1.000  fraction_placed=0.333  n_eps=112
[trio-box] iter  194  mean_ep_reward=+55.339  valid_placed=0.333  valid_rate=1.000  fraction_placed=0.333  n_eps=112
[trio-box] iter  195  mean_ep_reward=+54.379  valid_placed=0.324  valid_rate=0.973  fraction_placed=0.333  n_eps=112
[trio-box] iter  196  mean_ep_reward=+54.257  valid_placed=0.333  valid_rate=1.000  fraction_placed=0.333  n_eps=112
[trio-box] iter  197  mean_ep_reward=+56.471  valid_placed=0.333  valid_rate=1.000  fraction_placed=0.333  n_eps=112
[trio-box] iter  198  mean_ep_reward=-174.842  valid_placed=0.302  valid_rate=0.905  fraction_placed=0.356  n_eps=116
[trio-box] iter  199  mean_ep_reward=+15.630  valid_placed=0.330  valid_rate=0.991  fraction_placed=0.339  n_eps=112
[trio-box] iter  200  mean_ep_reward=+56.449  valid_placed=0.333  valid_rate=1.000  fraction_placed=0.333  n_eps=112
[trio-box] iter  201  mean_ep_reward=+14.047  valid_placed=0.330  valid_rate=0.991  fraction_placed=0.339  n_eps=112
[trio-box] iter  202  mean_ep_reward=+56.280  valid_placed=0.333  valid_rate=1.000  fraction_placed=0.333  n_eps=112
[trio-box] iter  203  mean_ep_reward=-15.049  valid_placed=0.253  valid_rate=0.758  fraction_placed=0.333  n_eps=120
[trio-box] iter  204  mean_ep_reward=-143.055  valid_placed=0.257  valid_rate=0.770  fraction_placed=0.333  n_eps=113
[trio-box] iter  205  mean_ep_reward=+2.162  valid_placed=0.298  valid_rate=0.895  fraction_placed=0.339  n_eps=114
[trio-box] iter  206  mean_ep_reward=+7.890  valid_placed=0.327  valid_rate=0.982  fraction_placed=0.339  n_eps=113
[trio-box] iter  207  mean_ep_reward=+48.226  valid_placed=0.324  valid_rate=0.973  fraction_placed=0.333  n_eps=112
[trio-box] iter  208  mean_ep_reward=+48.734  valid_placed=0.321  valid_rate=0.964  fraction_placed=0.333  n_eps=112
[trio-box] iter  209  mean_ep_reward=+56.068  valid_placed=0.333  valid_rate=1.000  fraction_placed=0.333  n_eps=112
[trio-box] iter  210  mean_ep_reward=-36.706  valid_placed=0.286  valid_rate=0.858  fraction_placed=0.339  n_eps=113
[trio-box] iter  211  mean_ep_reward=+51.658  valid_placed=0.327  valid_rate=0.982  fraction_placed=0.333  n_eps=112
[trio-box] iter  212  mean_ep_reward=+17.436  valid_placed=0.322  valid_rate=0.965  fraction_placed=0.339  n_eps=113
[trio-box] iter  213  mean_ep_reward=+47.826  valid_placed=0.318  valid_rate=0.955  fraction_placed=0.333  n_eps=112
[trio-box] iter  214  mean_ep_reward=+19.139  valid_placed=0.327  valid_rate=0.982  fraction_placed=0.336  n_eps=112
[trio-box] iter  215  mean_ep_reward=+7.693  valid_placed=0.322  valid_rate=0.965  fraction_placed=0.339  n_eps=113
[trio-box] iter  216  mean_ep_reward=+54.682  valid_placed=0.325  valid_rate=0.974  fraction_placed=0.333  n_eps=114
[trio-box] iter  217  mean_ep_reward=+55.467  valid_placed=0.328  valid_rate=0.983  fraction_placed=0.333  n_eps=118
[trio-box] iter  218  mean_ep_reward=+54.024  valid_placed=0.328  valid_rate=0.983  fraction_placed=0.333  n_eps=116
[trio-box] iter  219  mean_ep_reward=+56.325  valid_placed=0.333  valid_rate=1.000  fraction_placed=0.333  n_eps=122
[trio-box] iter  220  mean_ep_reward=+45.484  valid_placed=0.320  valid_rate=0.960  fraction_placed=0.333  n_eps=124
[trio-box] iter  221  mean_ep_reward=+17.912  valid_placed=0.328  valid_rate=0.984  fraction_placed=0.339  n_eps=127
[trio-box] iter  222  mean_ep_reward=-252.489  valid_placed=0.292  valid_rate=0.876  fraction_placed=0.372  n_eps=121
[trio-box] iter  223  mean_ep_reward=+40.757  valid_placed=0.310  valid_rate=0.929  fraction_placed=0.333  n_eps=113
[trio-box] iter  224  mean_ep_reward=+53.726  valid_placed=0.330  valid_rate=0.982  fraction_placed=0.336  n_eps=112
[trio-box] iter  225  mean_ep_reward=+55.799  valid_placed=0.333  valid_rate=1.000  fraction_placed=0.333  n_eps=112
[trio-box] iter  226  mean_ep_reward=-71.749  valid_placed=0.292  valid_rate=0.877  fraction_placed=0.339  n_eps=114
[trio-box] iter  227  mean_ep_reward=+45.834  valid_placed=0.324  valid_rate=0.973  fraction_placed=0.336  n_eps=113
[trio-box] iter  228  mean_ep_reward=+55.537  valid_placed=0.333  valid_rate=1.000  fraction_placed=0.333  n_eps=112
[trio-box] iter  229  mean_ep_reward=-99.146  valid_placed=0.325  valid_rate=0.974  fraction_placed=0.350  n_eps=117
[trio-box] iter  230  mean_ep_reward=+54.586  valid_placed=0.327  valid_rate=0.982  fraction_placed=0.336  n_eps=114
[trio-box] iter  231  mean_ep_reward=+53.950  valid_placed=0.330  valid_rate=0.991  fraction_placed=0.333  n_eps=113
[trio-box] iter  232  mean_ep_reward=+16.676  valid_placed=0.328  valid_rate=0.983  fraction_placed=0.339  n_eps=115
[trio-box] iter  233  mean_ep_reward=+54.374  valid_placed=0.330  valid_rate=0.991  fraction_placed=0.333  n_eps=113
[trio-box] iter  234  mean_ep_reward=+51.740  valid_placed=0.330  valid_rate=0.991  fraction_placed=0.333  n_eps=114
[trio-box] iter  235  mean_ep_reward=-6.144  valid_placed=0.331  valid_rate=0.992  fraction_placed=0.339  n_eps=120
[trio-box] iter  236  mean_ep_reward=+55.318  valid_placed=0.333  valid_rate=1.000  fraction_placed=0.333  n_eps=125
[trio-box] iter  237  mean_ep_reward=+46.107  valid_placed=0.325  valid_rate=0.976  fraction_placed=0.333  n_eps=126
[trio-box] iter  238  mean_ep_reward=+55.284  valid_placed=0.333  valid_rate=1.000  fraction_placed=0.333  n_eps=118
[trio-box] iter  239  mean_ep_reward=-2.734  valid_placed=0.331  valid_rate=0.992  fraction_placed=0.336  n_eps=123
[trio-box] iter  240  mean_ep_reward=+55.732  valid_placed=0.333  valid_rate=1.000  fraction_placed=0.333  n_eps=125
[trio-box] iter  241  mean_ep_reward=-3903.984  valid_placed=0.064  valid_rate=0.193  fraction_placed=0.872  n_eps=379
[trio-box] iter  242  mean_ep_reward=-3669.580  valid_placed=0.038  valid_rate=0.114  fraction_placed=0.785  n_eps=297
[trio-box] iter  243  mean_ep_reward=-3907.185  valid_placed=0.090  valid_rate=0.269  fraction_placed=0.706  n_eps=238
[trio-box] iter  244  mean_ep_reward=-3232.561  valid_placed=0.141  valid_rate=0.422  fraction_placed=0.683  n_eps=223
[trio-box] iter  245  mean_ep_reward=-326.269  valid_placed=0.265  valid_rate=0.795  fraction_placed=0.387  n_eps=117
[trio-box] iter  246  mean_ep_reward=-41.881  valid_placed=0.319  valid_rate=0.930  fraction_placed=0.360  n_eps=114
[trio-box] iter  247  mean_ep_reward=+52.217  valid_placed=0.327  valid_rate=0.973  fraction_placed=0.342  n_eps=112
[trio-box] iter  248  mean_ep_reward=+55.599  valid_placed=0.336  valid_rate=0.991  fraction_placed=0.342  n_eps=114
[trio-box] iter  249  mean_ep_reward=+13.054  valid_placed=0.333  valid_rate=0.992  fraction_placed=0.342  n_eps=120
[trio-box] iter  250  mean_ep_reward=+16.148  valid_placed=0.331  valid_rate=0.992  fraction_placed=0.339  n_eps=121
[trio-box] iter  251  mean_ep_reward=+54.809  valid_placed=0.333  valid_rate=1.000  fraction_placed=0.333  n_eps=120
[trio-box] iter  252  mean_ep_reward=+17.994  valid_placed=0.330  valid_rate=0.983  fraction_placed=0.342  n_eps=115
[trio-box] iter  253  mean_ep_reward=-65.048  valid_placed=0.319  valid_rate=0.957  fraction_placed=0.353  n_eps=116
[trio-box] iter  254  mean_ep_reward=-772.143  valid_placed=0.269  valid_rate=0.800  fraction_placed=0.467  n_eps=120
[trio-box] iter  255  mean_ep_reward=-458.472  valid_placed=0.288  valid_rate=0.864  fraction_placed=0.407  n_eps=118
[trio-box] iter  256  mean_ep_reward=-756.159  valid_placed=0.278  valid_rate=0.835  fraction_placed=0.444  n_eps=133
[trio-box] iter  257  mean_ep_reward=-31.234  valid_placed=0.327  valid_rate=0.982  fraction_placed=0.345  n_eps=112
[trio-box] iter  258  mean_ep_reward=-4642.858  valid_placed=0.001  valid_rate=0.003  fraction_placed=0.998  n_eps=312
[trio-box] iter  259  mean_ep_reward=-4666.077  valid_placed=0.003  valid_rate=0.010  fraction_placed=0.993  n_eps=293
[trio-box] iter  260  mean_ep_reward=-4667.302  valid_placed=0.004  valid_rate=0.012  fraction_placed=0.992  n_eps=323
[trio-box] iter  261  mean_ep_reward=-4014.989  valid_placed=0.050  valid_rate=0.151  fraction_placed=0.899  n_eps=212
[trio-box] iter  262  mean_ep_reward=-2310.172  valid_placed=0.167  valid_rate=0.500  fraction_placed=0.667  n_eps=150
[trio-box] iter  263  mean_ep_reward=-441.073  valid_placed=0.291  valid_rate=0.873  fraction_placed=0.401  n_eps=118
[trio-box] iter  264  mean_ep_reward=-26.242  valid_placed=0.309  valid_rate=0.927  fraction_placed=0.339  n_eps=110
[trio-box] iter  265  mean_ep_reward=+39.728  valid_placed=0.315  valid_rate=0.964  fraction_placed=0.327  n_eps=112
[trio-box] iter  266  mean_ep_reward=-26.358  valid_placed=0.322  valid_rate=0.965  fraction_placed=0.345  n_eps=115
[trio-box] iter  267  mean_ep_reward=+52.510  valid_placed=0.325  valid_rate=0.991  fraction_placed=0.328  n_eps=116
[trio-box] iter  268  mean_ep_reward=-101.947  valid_placed=0.319  valid_rate=0.958  fraction_placed=0.353  n_eps=120
[trio-box] iter  269  mean_ep_reward=-25.607  valid_placed=0.328  valid_rate=0.983  fraction_placed=0.344  n_eps=120
[trio-box] iter  270  mean_ep_reward=+54.138  valid_placed=0.328  valid_rate=0.983  fraction_placed=0.333  n_eps=116
[trio-box] iter  271  mean_ep_reward=+55.928  valid_placed=0.333  valid_rate=1.000  fraction_placed=0.333  n_eps=112
[trio-box] iter  272  mean_ep_reward=+56.275  valid_placed=0.333  valid_rate=1.000  fraction_placed=0.333  n_eps=118
[trio-box] iter  273  mean_ep_reward=+18.355  valid_placed=0.330  valid_rate=0.991  fraction_placed=0.339  n_eps=116
[trio-box] iter  274  mean_ep_reward=+56.418  valid_placed=0.333  valid_rate=1.000  fraction_placed=0.333  n_eps=123
[trio-box] iter  275  mean_ep_reward=+32.699  valid_placed=0.328  valid_rate=0.984  fraction_placed=0.333  n_eps=124
[trio-box] iter  276  mean_ep_reward=+15.576  valid_placed=0.331  valid_rate=0.992  fraction_placed=0.339  n_eps=124
[trio-box] iter  277  mean_ep_reward=-230.216  valid_placed=0.243  valid_rate=0.730  fraction_placed=0.344  n_eps=126
[trio-box] iter  278  mean_ep_reward=-40.136  valid_placed=0.322  valid_rate=0.965  fraction_placed=0.345  n_eps=114
[trio-box] iter  279  mean_ep_reward=+37.132  valid_placed=0.301  valid_rate=0.902  fraction_placed=0.333  n_eps=112
[trio-box] iter  280  mean_ep_reward=+55.189  valid_placed=0.330  valid_rate=1.000  fraction_placed=0.330  n_eps=114
[trio-box] iter  281  mean_ep_reward=+14.889  valid_placed=0.330  valid_rate=0.991  fraction_placed=0.339  n_eps=116
[trio-box] iter  282  mean_ep_reward=-48.883  valid_placed=0.325  valid_rate=0.975  fraction_placed=0.350  n_eps=120
[trio-box] iter  283  mean_ep_reward=+55.222  valid_placed=0.333  valid_rate=1.000  fraction_placed=0.333  n_eps=112
[trio-box] iter  284  mean_ep_reward=+53.285  valid_placed=0.330  valid_rate=0.991  fraction_placed=0.333  n_eps=112
[trio-box] iter  285  mean_ep_reward=+37.924  valid_placed=0.322  valid_rate=0.966  fraction_placed=0.333  n_eps=116
[trio-box] iter  286  mean_ep_reward=+26.496  valid_placed=0.331  valid_rate=0.992  fraction_placed=0.333  n_eps=123
[trio-box] iter  287  mean_ep_reward=+40.745  valid_placed=0.323  valid_rate=0.968  fraction_placed=0.333  n_eps=125
[trio-box] iter  288  mean_ep_reward=+14.728  valid_placed=0.331  valid_rate=0.992  fraction_placed=0.339  n_eps=122
[trio-box] iter  289  mean_ep_reward=+54.481  valid_placed=0.333  valid_rate=1.000  fraction_placed=0.333  n_eps=121
[trio-box] iter  290  mean_ep_reward=+15.436  valid_placed=0.331  valid_rate=0.992  fraction_placed=0.339  n_eps=125
[trio-box] iter  291  mean_ep_reward=+55.511  valid_placed=0.333  valid_rate=1.000  fraction_placed=0.333  n_eps=124
[trio-box] iter  292  mean_ep_reward=-979.532  valid_placed=0.252  valid_rate=0.756  fraction_placed=0.388  n_eps=135
[trio-box] iter  293  mean_ep_reward=-909.495  valid_placed=0.282  valid_rate=0.846  fraction_placed=0.436  n_eps=136
[trio-box] iter  294  mean_ep_reward=-2516.567  valid_placed=0.181  valid_rate=0.544  fraction_placed=0.556  n_eps=160
[trio-box] iter  295  mean_ep_reward=-508.794  valid_placed=0.298  valid_rate=0.887  fraction_placed=0.395  n_eps=124
[trio-box] iter  296  mean_ep_reward=-1112.615  valid_placed=0.240  valid_rate=0.721  fraction_placed=0.495  n_eps=140
[trio-box] iter  297  mean_ep_reward=-1849.398  valid_placed=0.196  valid_rate=0.588  fraction_placed=0.600  n_eps=165
[trio-box] iter  298  mean_ep_reward=-808.437  valid_placed=0.241  valid_rate=0.723  fraction_placed=0.455  n_eps=137
[trio-box] iter  299  mean_ep_reward=+11.723  valid_placed=0.304  valid_rate=0.930  fraction_placed=0.336  n_eps=115
[trio-box] promoted by cap
