note: training with 16 parallel envs (schedulable cores=32, MemAvailable=18.8 GiB)
[trio-notch] iter    0  mean_ep_reward=-1390.476  valid_placed=0.127  valid_rate=0.393  fraction_placed=0.698  n_eps=84
[trio-notch] iter    1  mean_ep_reward=-941.781  valid_placed=0.161  valid_rate=0.541  fraction_placed=0.596  n_eps=85
[trio-notch] iter    2  mean_ep_reward=-766.867  valid_placed=0.174  valid_rate=0.567  fraction_placed=0.567  n_eps=90
[trio-notch] iter    3  mean_ep_reward=-687.587  valid_placed=0.188  valid_rate=0.696  fraction_placed=0.478  n_eps=92
[trio-notch] iter    4  mean_ep_reward=-1881.634  valid_placed=0.104  valid_rate=0.514  fraction_placed=0.566  n_eps=109
[trio-notch] iter    5  mean_ep_reward=-514.874  valid_placed=0.081  valid_rate=0.756  fraction_placed=0.252  n_eps=86
[trio-notch] iter    6  mean_ep_reward=-613.752  valid_placed=0.067  valid_rate=0.753  fraction_placed=0.236  n_eps=89
[trio-notch] iter    7  mean_ep_reward=-1241.890  valid_placed=0.096  valid_rate=0.701  fraction_placed=0.354  n_eps=97
[trio-notch] iter    8  mean_ep_reward=-1123.649  valid_placed=0.087  valid_rate=0.688  fraction_placed=0.358  n_eps=96
[trio-notch] iter    9  mean_ep_reward=-853.672  valid_placed=0.127  valid_rate=0.739  fraction_placed=0.341  n_eps=92
[trio-notch] iter   10  mean_ep_reward=-1766.253  valid_placed=0.121  valid_rate=0.609  fraction_placed=0.494  n_eps=110
[trio-notch] iter   11  mean_ep_reward=-2224.718  valid_placed=0.130  valid_rate=0.539  fraction_placed=0.591  n_eps=128
[trio-notch] iter   12  mean_ep_reward=-1833.380  valid_placed=0.113  valid_rate=0.652  fraction_placed=0.449  n_eps=115
[trio-notch] iter   13  mean_ep_reward=-389.786  valid_placed=0.187  valid_rate=0.876  fraction_placed=0.288  n_eps=89
[trio-notch] iter   14  mean_ep_reward=-840.533  valid_placed=0.160  valid_rate=0.777  fraction_placed=0.369  n_eps=94
[trio-notch] iter   15  mean_ep_reward=-262.458  valid_placed=0.192  valid_rate=0.874  fraction_placed=0.287  n_eps=87
[trio-notch] iter   16  mean_ep_reward=-159.046  valid_placed=0.212  valid_rate=0.932  fraction_placed=0.265  n_eps=88
[trio-notch] iter   17  mean_ep_reward=-170.787  valid_placed=0.271  valid_rate=0.941  fraction_placed=0.329  n_eps=85
[trio-notch] iter   18  mean_ep_reward=-32.131  valid_placed=0.220  valid_rate=0.976  fraction_placed=0.243  n_eps=85
[trio-notch] iter   19  mean_ep_reward=-34.880  valid_placed=0.253  valid_rate=0.976  fraction_placed=0.269  n_eps=83
[trio-notch] iter   20  mean_ep_reward=-61.389  valid_placed=0.234  valid_rate=0.989  fraction_placed=0.245  n_eps=87
[trio-notch] iter   21  mean_ep_reward=+29.423  valid_placed=0.256  valid_rate=1.000  fraction_placed=0.256  n_eps=82
[trio-notch] iter   22  mean_ep_reward=-842.544  valid_placed=0.207  valid_rate=0.776  fraction_placed=0.391  n_eps=98
[trio-notch] iter   23  mean_ep_reward=-2948.276  valid_placed=0.054  valid_rate=0.504  fraction_placed=0.506  n_eps=135
[trio-notch] iter   24  mean_ep_reward=-751.103  valid_placed=0.013  valid_rate=0.865  fraction_placed=0.128  n_eps=104
[trio-notch] iter   25  mean_ep_reward=-372.113  valid_placed=0.026  valid_rate=0.901  fraction_placed=0.099  n_eps=101
[trio-notch] iter   26  mean_ep_reward=-279.824  valid_placed=0.014  valid_rate=0.948  fraction_placed=0.059  n_eps=96
[trio-notch] iter   27  mean_ep_reward=-73.649  valid_placed=0.031  valid_rate=0.969  fraction_placed=0.049  n_eps=96
[trio-notch] iter   28  mean_ep_reward=-142.484  valid_placed=0.068  valid_rate=0.959  fraction_placed=0.102  n_eps=98
[trio-notch] iter   29  mean_ep_reward=-21.000  valid_placed=0.121  valid_rate=0.989  fraction_placed=0.131  n_eps=94
[trio-notch] iter   30  mean_ep_reward=-27.215  valid_placed=0.215  valid_rate=0.967  fraction_placed=0.233  n_eps=90
[trio-notch] iter   31  mean_ep_reward=-28.928  valid_placed=0.277  valid_rate=0.892  fraction_placed=0.329  n_eps=83
[trio-notch] iter   32  mean_ep_reward=+35.513  valid_placed=0.293  valid_rate=0.988  fraction_placed=0.301  n_eps=83
[trio-notch] iter   33  mean_ep_reward=-1036.969  valid_placed=0.201  valid_rate=0.772  fraction_placed=0.416  n_eps=101
[trio-notch] iter   34  mean_ep_reward=-958.444  valid_placed=0.219  valid_rate=0.794  fraction_placed=0.425  n_eps=102
[trio-notch] iter   35  mean_ep_reward=-95.087  valid_placed=0.275  valid_rate=0.965  fraction_placed=0.310  n_eps=85
[trio-notch] iter   36  mean_ep_reward=-17.485  valid_placed=0.293  valid_rate=0.940  fraction_placed=0.321  n_eps=83
[trio-notch] iter   37  mean_ep_reward=-226.725  valid_placed=0.306  valid_rate=0.965  fraction_placed=0.341  n_eps=85
[trio-notch] iter   38  mean_ep_reward=-112.831  valid_placed=0.295  valid_rate=0.977  fraction_placed=0.318  n_eps=86
[trio-notch] iter   39  mean_ep_reward=+10.428  valid_placed=0.280  valid_rate=0.989  fraction_placed=0.284  n_eps=87
[trio-notch] iter   40  mean_ep_reward=-1582.282  valid_placed=0.244  valid_rate=0.733  fraction_placed=0.512  n_eps=101
[trio-notch] iter   41  mean_ep_reward=-1564.999  valid_placed=0.255  valid_rate=0.765  fraction_placed=0.490  n_eps=102
[trio-notch] iter   42  mean_ep_reward=-1172.618  valid_placed=0.277  valid_rate=0.832  fraction_placed=0.446  n_eps=95
[trio-notch] iter   43  mean_ep_reward=-702.196  valid_placed=0.300  valid_rate=0.899  fraction_placed=0.401  n_eps=89
[trio-notch] iter   44  mean_ep_reward=-990.164  valid_placed=0.287  valid_rate=0.862  fraction_placed=0.426  n_eps=94
[trio-notch] iter   45  mean_ep_reward=-1197.218  valid_placed=0.277  valid_rate=0.830  fraction_placed=0.447  n_eps=100
[trio-notch] iter   46  mean_ep_reward=-2188.314  valid_placed=0.188  valid_rate=0.563  fraction_placed=0.582  n_eps=126
[trio-notch] iter   47  mean_ep_reward=-1724.580  valid_placed=0.240  valid_rate=0.721  fraction_placed=0.514  n_eps=111
[trio-notch] iter   48  mean_ep_reward=-1712.260  valid_placed=0.252  valid_rate=0.757  fraction_placed=0.495  n_eps=107
[trio-notch] iter   49  mean_ep_reward=-1012.315  valid_placed=0.283  valid_rate=0.849  fraction_placed=0.434  n_eps=93
[trio-notch] promoted by budget-plateau
[trio-notch-strict] iter    0  mean_ep_reward=-701.219  valid_placed=0.300  valid_rate=0.899  fraction_placed=0.401  n_eps=89
[trio-notch-strict] iter    1  mean_ep_reward=-563.663  valid_placed=0.303  valid_rate=0.920  fraction_placed=0.383  n_eps=87
[trio-notch-strict] iter    2  mean_ep_reward=-3638.536  valid_placed=0.079  valid_rate=0.244  fraction_placed=0.835  n_eps=164
[trio-notch-strict] iter    3  mean_ep_reward=-2513.121  valid_placed=0.155  valid_rate=0.492  fraction_placed=0.664  n_eps=118
[trio-notch-strict] iter    4  mean_ep_reward=-2482.679  valid_placed=0.141  valid_rate=0.470  fraction_placed=0.671  n_eps=149
[trio-notch-strict] iter    5  mean_ep_reward=-1904.908  valid_placed=0.146  valid_rate=0.614  fraction_placed=0.474  n_eps=114
[trio-notch-strict] iter    6  mean_ep_reward=-1763.439  valid_placed=0.087  valid_rate=0.721  fraction_placed=0.346  n_eps=104
[trio-notch-strict] iter    7  mean_ep_reward=-735.263  valid_placed=0.133  valid_rate=0.849  fraction_placed=0.254  n_eps=93
[trio-notch-strict] iter    8  mean_ep_reward=-1373.902  valid_placed=0.118  valid_rate=0.664  fraction_placed=0.433  n_eps=110
[trio-notch-strict] iter    9  mean_ep_reward=-2672.833  valid_placed=0.093  valid_rate=0.448  fraction_placed=0.645  n_eps=125
[trio-notch-strict] iter   10  mean_ep_reward=-2049.161  valid_placed=0.114  valid_rate=0.538  fraction_placed=0.550  n_eps=117
[trio-notch-strict] iter   11  mean_ep_reward=-792.445  valid_placed=0.156  valid_rate=0.830  fraction_placed=0.312  n_eps=94
[trio-notch-strict] iter   12  mean_ep_reward=-266.486  valid_placed=0.222  valid_rate=0.943  fraction_placed=0.276  n_eps=87
[trio-notch-strict] iter   13  mean_ep_reward=-177.073  valid_placed=0.237  valid_rate=0.916  fraction_placed=0.289  n_eps=83
[trio-notch-strict] iter   14  mean_ep_reward=-21.382  valid_placed=0.288  valid_rate=0.975  fraction_placed=0.305  n_eps=81
[trio-notch-strict] iter   15  mean_ep_reward=-151.203  valid_placed=0.277  valid_rate=0.964  fraction_placed=0.305  n_eps=83
[trio-notch-strict] iter   16  mean_ep_reward=-28.958  valid_placed=0.276  valid_rate=0.927  fraction_placed=0.309  n_eps=82
[trio-notch-strict] iter   17  mean_ep_reward=-719.038  valid_placed=0.231  valid_rate=0.802  fraction_placed=0.392  n_eps=91
[trio-notch-strict] iter   18  mean_ep_reward=+20.209  valid_placed=0.267  valid_rate=0.975  fraction_placed=0.275  n_eps=80
[trio-notch-strict] iter   19  mean_ep_reward=-204.925  valid_placed=0.265  valid_rate=0.964  fraction_placed=0.301  n_eps=83
[trio-notch-strict] iter   20  mean_ep_reward=-291.958  valid_placed=0.227  valid_rate=0.932  fraction_placed=0.295  n_eps=88
[trio-notch-strict] iter   21  mean_ep_reward=+37.000  valid_placed=0.284  valid_rate=1.000  fraction_placed=0.284  n_eps=81
[trio-notch-strict] iter   22  mean_ep_reward=+39.418  valid_placed=0.290  valid_rate=1.000  fraction_placed=0.290  n_eps=84
[trio-notch-strict] iter   23  mean_ep_reward=+39.169  valid_placed=0.294  valid_rate=1.000  fraction_placed=0.294  n_eps=85
[trio-notch-strict] iter   24  mean_ep_reward=+40.723  valid_placed=0.289  valid_rate=1.000  fraction_placed=0.289  n_eps=83
[trio-notch-strict] iter   25  mean_ep_reward=+39.281  valid_placed=0.281  valid_rate=1.000  fraction_placed=0.281  n_eps=83
[trio-notch-strict] iter   26  mean_ep_reward=-989.221  valid_placed=0.235  valid_rate=0.827  fraction_placed=0.408  n_eps=98
[trio-notch-strict] iter   27  mean_ep_reward=-399.655  valid_placed=0.245  valid_rate=0.926  fraction_placed=0.312  n_eps=94
[trio-notch-strict] iter   28  mean_ep_reward=-137.996  valid_placed=0.295  valid_rate=0.966  fraction_placed=0.330  n_eps=87
[trio-notch-strict] iter   29  mean_ep_reward=-94.963  valid_placed=0.285  valid_rate=0.976  fraction_placed=0.309  n_eps=82
[trio-notch-strict] iter   30  mean_ep_reward=-1273.260  valid_placed=0.188  valid_rate=0.727  fraction_placed=0.461  n_eps=110
[trio-notch-strict] iter   31  mean_ep_reward=-1398.149  valid_placed=0.184  valid_rate=0.693  fraction_placed=0.491  n_eps=114
[trio-notch-strict] iter   32  mean_ep_reward=-728.521  valid_placed=0.170  valid_rate=0.847  fraction_placed=0.316  n_eps=98
[trio-notch-strict] iter   33  mean_ep_reward=-302.422  valid_placed=0.167  valid_rate=0.894  fraction_placed=0.245  n_eps=94
[trio-notch-strict] iter   34  mean_ep_reward=-338.051  valid_placed=0.233  valid_rate=0.922  fraction_placed=0.311  n_eps=90
[trio-notch-strict] iter   35  mean_ep_reward=-276.980  valid_placed=0.231  valid_rate=0.923  fraction_placed=0.308  n_eps=91
[trio-notch-strict] iter   36  mean_ep_reward=-222.834  valid_placed=0.245  valid_rate=0.934  fraction_placed=0.304  n_eps=91
[trio-notch-strict] iter   37  mean_ep_reward=-242.293  valid_placed=0.274  valid_rate=0.933  fraction_placed=0.341  n_eps=90
[trio-notch-strict] iter   38  mean_ep_reward=-478.299  valid_placed=0.286  valid_rate=0.868  fraction_placed=0.403  n_eps=91
[trio-notch-strict] iter   39  mean_ep_reward=+42.629  valid_placed=0.301  valid_rate=1.000  fraction_placed=0.301  n_eps=83
[trio-notch-strict] iter   40  mean_ep_reward=+37.866  valid_placed=0.272  valid_rate=1.000  fraction_placed=0.272  n_eps=87
[trio-notch-strict] iter   41  mean_ep_reward=+46.843  valid_placed=0.317  valid_rate=1.000  fraction_placed=0.317  n_eps=81
[trio-notch-strict] iter   42  mean_ep_reward=-131.060  valid_placed=0.273  valid_rate=0.944  fraction_placed=0.318  n_eps=89
[trio-notch-strict] iter   43  mean_ep_reward=-16.964  valid_placed=0.279  valid_rate=0.977  fraction_placed=0.295  n_eps=86
[trio-notch-strict] iter   44  mean_ep_reward=+40.307  valid_placed=0.282  valid_rate=1.000  fraction_placed=0.282  n_eps=85
[trio-notch-strict] iter   45  mean_ep_reward=+41.680  valid_placed=0.290  valid_rate=1.000  fraction_placed=0.290  n_eps=84
[trio-notch-strict] iter   46  mean_ep_reward=+31.797  valid_placed=0.251  valid_rate=0.976  fraction_placed=0.259  n_eps=85
[trio-notch-strict] iter   47  mean_ep_reward=-9.539  valid_placed=0.295  valid_rate=0.988  fraction_placed=0.306  n_eps=86
[trio-notch-strict] iter   48  mean_ep_reward=+13.472  valid_placed=0.294  valid_rate=0.988  fraction_placed=0.306  n_eps=85
[trio-notch-strict] iter   49  mean_ep_reward=+45.881  valid_placed=0.309  valid_rate=1.000  fraction_placed=0.309  n_eps=83
[trio-notch-strict] iter   50  mean_ep_reward=+4.091  valid_placed=0.306  valid_rate=0.988  fraction_placed=0.317  n_eps=84
[trio-notch-strict] iter   51  mean_ep_reward=+39.060  valid_placed=0.277  valid_rate=1.000  fraction_placed=0.277  n_eps=88
[trio-notch-strict] iter   52  mean_ep_reward=+34.413  valid_placed=0.265  valid_rate=0.964  fraction_placed=0.277  n_eps=83
[trio-notch-strict] iter   53  mean_ep_reward=+42.210  valid_placed=0.292  valid_rate=0.975  fraction_placed=0.300  n_eps=81
[trio-notch-strict] iter   54  mean_ep_reward=+11.598  valid_placed=0.301  valid_rate=0.988  fraction_placed=0.309  n_eps=82
[trio-notch-strict] iter   55  mean_ep_reward=+39.445  valid_placed=0.285  valid_rate=0.976  fraction_placed=0.293  n_eps=82
[trio-notch-strict] iter   56  mean_ep_reward=-227.700  valid_placed=0.265  valid_rate=0.886  fraction_placed=0.356  n_eps=88
[trio-notch-strict] iter   57  mean_ep_reward=-48.901  valid_placed=0.272  valid_rate=0.951  fraction_placed=0.305  n_eps=82
[trio-notch-strict] iter   58  mean_ep_reward=+28.312  valid_placed=0.283  valid_rate=0.900  fraction_placed=0.317  n_eps=80
[trio-notch-strict] iter   59  mean_ep_reward=-9.173  valid_placed=0.298  valid_rate=0.988  fraction_placed=0.310  n_eps=84
[trio-notch-strict] iter   60  mean_ep_reward=-230.687  valid_placed=0.278  valid_rate=0.929  fraction_placed=0.341  n_eps=84
[trio-notch-strict] promoted by budget-plateau
