[trio-box] iter    0  mean_ep_reward=-390.378  valid_placed=0.125  valid_rate=0.125  fraction_placed=0.998  n_eps=160
[trio-box] iter    1  mean_ep_reward=-514.342  valid_placed=0.140  valid_rate=0.151  fraction_placed=0.990  n_eps=159
[trio-box] iter    2  mean_ep_reward=-1619.656  valid_placed=0.079  valid_rate=0.102  fraction_placed=0.977  n_eps=177
[trio-box] iter    3  mean_ep_reward=-1441.571  valid_placed=0.064  valid_rate=0.070  fraction_placed=0.990  n_eps=171
[trio-box] iter    4  mean_ep_reward=-2665.986  valid_placed=0.021  valid_rate=0.041  fraction_placed=0.979  n_eps=194
[trio-box] iter    5  mean_ep_reward=-2651.402  valid_placed=0.048  valid_rate=0.101  fraction_placed=0.946  n_eps=168
[trio-box] iter    6  mean_ep_reward=-1660.919  valid_placed=0.099  valid_rate=0.124  fraction_placed=0.975  n_eps=145
[trio-box] iter    7  mean_ep_reward=-1187.713  valid_placed=0.072  valid_rate=0.099  fraction_placed=0.974  n_eps=152
[trio-box] iter    8  mean_ep_reward=-1937.370  valid_placed=0.035  valid_rate=0.079  fraction_placed=0.956  n_eps=151
[trio-box] iter    9  mean_ep_reward=-1563.605  valid_placed=0.037  valid_rate=0.184  fraction_placed=0.853  n_eps=136
[trio-box] iter   10  mean_ep_reward=-1305.419  valid_placed=0.051  valid_rate=0.163  fraction_placed=0.889  n_eps=123
[trio-box] iter   11  mean_ep_reward=-1024.928  valid_placed=0.086  valid_rate=0.352  fraction_placed=0.728  n_eps=108
[trio-box] iter   12  mean_ep_reward=-1749.313  valid_placed=0.027  valid_rate=0.220  fraction_placed=0.808  n_eps=123
[trio-box] iter   13  mean_ep_reward=-1921.201  valid_placed=0.030  valid_rate=0.301  fraction_placed=0.724  n_eps=133
[trio-box] iter   14  mean_ep_reward=-2322.859  valid_placed=0.036  valid_rate=0.262  fraction_placed=0.774  n_eps=149
[trio-box] iter   15  mean_ep_reward=-2064.239  valid_placed=0.041  valid_rate=0.223  fraction_placed=0.808  n_eps=130
[trio-box] iter   16  mean_ep_reward=-2367.421  valid_placed=0.029  valid_rate=0.257  fraction_placed=0.771  n_eps=140
[trio-box] iter   17  mean_ep_reward=-2381.688  valid_placed=0.012  valid_rate=0.262  fraction_placed=0.749  n_eps=141
[trio-box] iter   18  mean_ep_reward=-2319.445  valid_placed=0.007  valid_rate=0.224  fraction_placed=0.783  n_eps=143
[trio-box] iter   19  mean_ep_reward=-2078.198  valid_placed=0.009  valid_rate=0.200  fraction_placed=0.809  n_eps=145
[trio-box] iter   20  mean_ep_reward=-1956.680  valid_placed=0.026  valid_rate=0.233  fraction_placed=0.791  n_eps=129
[trio-box] iter   21  mean_ep_reward=-1919.845  valid_placed=0.012  valid_rate=0.167  fraction_placed=0.845  n_eps=138
[trio-box] iter   22  mean_ep_reward=-2365.831  valid_placed=0.024  valid_rate=0.071  fraction_placed=0.953  n_eps=156
[trio-box] iter   23  mean_ep_reward=-2865.707  valid_placed=0.000  valid_rate=0.016  fraction_placed=0.984  n_eps=193
[trio-box] iter   24  mean_ep_reward=-2525.343  valid_placed=0.018  valid_rate=0.072  fraction_placed=0.947  n_eps=181
[trio-box] iter   25  mean_ep_reward=-2731.544  valid_placed=0.000  valid_rate=0.016  fraction_placed=0.984  n_eps=185
[trio-box] iter   26  mean_ep_reward=-2433.313  valid_placed=0.019  valid_rate=0.028  fraction_placed=0.987  n_eps=176
[trio-box] iter   27  mean_ep_reward=-2501.683  valid_placed=0.008  valid_rate=0.024  fraction_placed=0.984  n_eps=167
[trio-box] iter   28  mean_ep_reward=-2184.789  valid_placed=0.030  valid_rate=0.077  fraction_placed=0.953  n_eps=155
[trio-box] iter   29  mean_ep_reward=-1981.217  valid_placed=0.027  valid_rate=0.108  fraction_placed=0.920  n_eps=158
[trio-box] iter   30  mean_ep_reward=-2125.730  valid_placed=0.021  valid_rate=0.037  fraction_placed=0.984  n_eps=189
[trio-box] iter   31  mean_ep_reward=-1973.068  valid_placed=0.024  valid_rate=0.030  fraction_placed=0.994  n_eps=167
[trio-box] iter   32  mean_ep_reward=-2345.147  valid_placed=0.009  valid_rate=0.009  fraction_placed=1.000  n_eps=211
[trio-box] iter   33  mean_ep_reward=-2493.743  valid_placed=0.001  valid_rate=0.004  fraction_placed=0.997  n_eps=229
[trio-box] iter   34  mean_ep_reward=-2442.613  valid_placed=0.005  valid_rate=0.021  fraction_placed=0.981  n_eps=193
[trio-box] iter   35  mean_ep_reward=-2541.857  valid_placed=0.002  valid_rate=0.009  fraction_placed=0.992  n_eps=216
[trio-box] iter   36  mean_ep_reward=-2494.229  valid_placed=0.002  valid_rate=0.014  fraction_placed=0.988  n_eps=215
[trio-box] iter   37  mean_ep_reward=-2392.264  valid_placed=0.005  valid_rate=0.024  fraction_placed=0.981  n_eps=210
[trio-box] iter   38  mean_ep_reward=-2262.961  valid_placed=0.000  valid_rate=0.004  fraction_placed=0.996  n_eps=227
[trio-box] iter   39  mean_ep_reward=-2356.915  valid_placed=0.000  valid_rate=0.000  fraction_placed=1.000  n_eps=271
[trio-box] iter   40  mean_ep_reward=-2330.173  valid_placed=0.000  valid_rate=0.000  fraction_placed=1.000  n_eps=293
[trio-box] iter   41  mean_ep_reward=-2359.774  valid_placed=0.000  valid_rate=0.000  fraction_placed=1.000  n_eps=296
[trio-box] iter   42  mean_ep_reward=-2290.602  valid_placed=0.000  valid_rate=0.000  fraction_placed=1.000  n_eps=276
[trio-box] iter   43  mean_ep_reward=-2326.536  valid_placed=0.000  valid_rate=0.000  fraction_placed=1.000  n_eps=332
[trio-box] iter   44  mean_ep_reward=-2226.585  valid_placed=0.006  valid_rate=0.006  fraction_placed=1.000  n_eps=324
[trio-box] iter   45  mean_ep_reward=-1858.650  valid_placed=0.009  valid_rate=0.009  fraction_placed=1.000  n_eps=317
[trio-box] iter   46  mean_ep_reward=-2335.162  valid_placed=0.000  valid_rate=0.000  fraction_placed=1.000  n_eps=328
[trio-box] iter   47  mean_ep_reward=-2286.815  valid_placed=0.000  valid_rate=0.000  fraction_placed=1.000  n_eps=318
[trio-box] iter   48  mean_ep_reward=-2285.341  valid_placed=0.000  valid_rate=0.000  fraction_placed=1.000  n_eps=312
[trio-box] iter   49  mean_ep_reward=-2272.079  valid_placed=0.000  valid_rate=0.000  fraction_placed=1.000  n_eps=319
[trio-box] iter   50  mean_ep_reward=-2344.388  valid_placed=0.000  valid_rate=0.000  fraction_placed=1.000  n_eps=315
[trio-box] iter   51  mean_ep_reward=-2449.245  valid_placed=0.000  valid_rate=0.000  fraction_placed=1.000  n_eps=314
[trio-box] iter   52  mean_ep_reward=-2350.405  valid_placed=0.000  valid_rate=0.000  fraction_placed=1.000  n_eps=318
[trio-box] iter   53  mean_ep_reward=-2304.200  valid_placed=0.000  valid_rate=0.000  fraction_placed=1.000  n_eps=291
[trio-box] iter   54  mean_ep_reward=-2317.796  valid_placed=0.000  valid_rate=0.000  fraction_placed=1.000  n_eps=306
[trio-box] iter   55  mean_ep_reward=-2286.881  valid_placed=0.000  valid_rate=0.000  fraction_placed=1.000  n_eps=327
[trio-box] iter   56  mean_ep_reward=-2464.039  valid_placed=0.000  valid_rate=0.000  fraction_placed=1.000  n_eps=389
[trio-box] iter   57  mean_ep_reward=-2384.178  valid_placed=0.000  valid_rate=0.000  fraction_placed=1.000  n_eps=395
[trio-box] iter   58  mean_ep_reward=-2380.276  valid_placed=0.000  valid_rate=0.000  fraction_placed=1.000  n_eps=387
[trio-box] iter   59  mean_ep_reward=-2338.392  valid_placed=0.003  valid_rate=0.003  fraction_placed=1.000  n_eps=387
[trio-box] iter   60  mean_ep_reward=-2356.415  valid_placed=0.000  valid_rate=0.000  fraction_placed=1.000  n_eps=423
[trio-box] iter   61  mean_ep_reward=-2311.585  valid_placed=0.000  valid_rate=0.000  fraction_placed=1.000  n_eps=404
[trio-box] iter   62  mean_ep_reward=-2337.076  valid_placed=0.000  valid_rate=0.000  fraction_placed=1.000  n_eps=382
[trio-box] iter   63  mean_ep_reward=-2311.618  valid_placed=0.003  valid_rate=0.003  fraction_placed=1.000  n_eps=381
[trio-box] iter   64  mean_ep_reward=-2247.482  valid_placed=0.008  valid_rate=0.008  fraction_placed=1.000  n_eps=383
[trio-box] iter   65  mean_ep_reward=-1933.432  valid_placed=0.014  valid_rate=0.031  fraction_placed=0.983  n_eps=351
[trio-box] iter   66  mean_ep_reward=-2100.937  valid_placed=0.011  valid_rate=0.017  fraction_placed=0.994  n_eps=361
[trio-box] iter   67  mean_ep_reward=-2026.909  valid_placed=0.020  valid_rate=0.031  fraction_placed=0.989  n_eps=355
[trio-box] iter   68  mean_ep_reward=-2249.498  valid_placed=0.008  valid_rate=0.013  fraction_placed=0.995  n_eps=372
[trio-box] iter   69  mean_ep_reward=-2209.897  valid_placed=0.008  valid_rate=0.011  fraction_placed=0.997  n_eps=366
[trio-box] iter   70  mean_ep_reward=-2006.128  valid_placed=0.015  valid_rate=0.018  fraction_placed=0.997  n_eps=342
[trio-box] iter   71  mean_ep_reward=-2007.673  valid_placed=0.017  valid_rate=0.017  fraction_placed=1.000  n_eps=351
[trio-box] iter   72  mean_ep_reward=-2160.754  valid_placed=0.006  valid_rate=0.006  fraction_placed=1.000  n_eps=350
[trio-box] iter   73  mean_ep_reward=-2182.073  valid_placed=0.003  valid_rate=0.003  fraction_placed=1.000  n_eps=357
[trio-box] iter   74  mean_ep_reward=-1979.717  valid_placed=0.011  valid_rate=0.011  fraction_placed=1.000  n_eps=348
[trio-box] iter   75  mean_ep_reward=-2334.761  valid_placed=0.003  valid_rate=0.003  fraction_placed=1.000  n_eps=372
[trio-box] iter   76  mean_ep_reward=-2242.208  valid_placed=0.006  valid_rate=0.006  fraction_placed=1.000  n_eps=330
[trio-box] iter   77  mean_ep_reward=-2347.459  valid_placed=0.003  valid_rate=0.003  fraction_placed=1.000  n_eps=347
[trio-box] iter   78  mean_ep_reward=-2119.923  valid_placed=0.013  valid_rate=0.013  fraction_placed=1.000  n_eps=313
[trio-box] iter   79  mean_ep_reward=-2264.732  valid_placed=0.003  valid_rate=0.003  fraction_placed=1.000  n_eps=353
[trio-box] iter   80  mean_ep_reward=-2341.673  valid_placed=0.005  valid_rate=0.008  fraction_placed=0.997  n_eps=366
[trio-box] iter   81  mean_ep_reward=-2192.291  valid_placed=0.026  valid_rate=0.026  fraction_placed=1.000  n_eps=349
[trio-box] iter   82  mean_ep_reward=-1772.304  valid_placed=0.114  valid_rate=0.114  fraction_placed=1.000  n_eps=316
[trio-box] iter   83  mean_ep_reward=-1518.530  valid_placed=0.113  valid_rate=0.122  fraction_placed=0.991  n_eps=304
[trio-box] iter   84  mean_ep_reward=-1382.672  valid_placed=0.143  valid_rate=0.147  fraction_placed=0.997  n_eps=307
[trio-box] iter   85  mean_ep_reward=-1211.096  valid_placed=0.188  valid_rate=0.188  fraction_placed=1.000  n_eps=282
[trio-box] iter   86  mean_ep_reward=-1280.472  valid_placed=0.218  valid_rate=0.221  fraction_placed=0.997  n_eps=303
[trio-box] iter   87  mean_ep_reward=-1159.809  valid_placed=0.247  valid_rate=0.247  fraction_placed=1.000  n_eps=295
[trio-box] iter   88  mean_ep_reward=-817.228  valid_placed=0.347  valid_rate=0.347  fraction_placed=1.000  n_eps=271
[trio-box] iter   89  mean_ep_reward=-624.324  valid_placed=0.326  valid_rate=0.326  fraction_placed=1.000  n_eps=267
[trio-box] iter   90  mean_ep_reward=-727.383  valid_placed=0.356  valid_rate=0.356  fraction_placed=1.000  n_eps=281
[trio-box] iter   91  mean_ep_reward=-156.459  valid_placed=0.494  valid_rate=0.494  fraction_placed=1.000  n_eps=257
[trio-box] iter   92  mean_ep_reward=-123.667  valid_placed=0.555  valid_rate=0.559  fraction_placed=0.996  n_eps=245
[trio-box] iter   93  mean_ep_reward=-7.618  valid_placed=0.593  valid_rate=0.606  fraction_placed=0.987  n_eps=236
[trio-box] iter   94  mean_ep_reward=-47.737  valid_placed=0.598  valid_rate=0.598  fraction_placed=1.000  n_eps=229
[trio-box] iter   95  mean_ep_reward=-79.982  valid_placed=0.695  valid_rate=0.695  fraction_placed=1.000  n_eps=246
[trio-box] iter   96  mean_ep_reward=+89.678  valid_placed=0.763  valid_rate=0.763  fraction_placed=1.000  n_eps=236
[trio-box] iter   97  mean_ep_reward=-336.401  valid_placed=0.590  valid_rate=0.590  fraction_placed=1.000  n_eps=271
[trio-box] iter   98  mean_ep_reward=-504.998  valid_placed=0.449  valid_rate=0.449  fraction_placed=1.000  n_eps=285
[trio-box] iter   99  mean_ep_reward=-214.464  valid_placed=0.586  valid_rate=0.589  fraction_placed=0.996  n_eps=263
[trio-box] iter  100  mean_ep_reward=+38.376  valid_placed=0.612  valid_rate=0.612  fraction_placed=1.000  n_eps=250
[trio-box] iter  101  mean_ep_reward=-335.954  valid_placed=0.519  valid_rate=0.519  fraction_placed=1.000  n_eps=283
[trio-box] iter  102  mean_ep_reward=+108.609  valid_placed=0.668  valid_rate=0.668  fraction_placed=1.000  n_eps=268
[trio-box] iter  103  mean_ep_reward=-483.423  valid_placed=0.407  valid_rate=0.407  fraction_placed=1.000  n_eps=295
[trio-box] iter  104  mean_ep_reward=-78.796  valid_placed=0.610  valid_rate=0.610  fraction_placed=1.000  n_eps=282
[trio-box] iter  105  mean_ep_reward=-127.407  valid_placed=0.631  valid_rate=0.631  fraction_placed=1.000  n_eps=271
[trio-box] iter  106  mean_ep_reward=+9.551  valid_placed=0.648  valid_rate=0.648  fraction_placed=1.000  n_eps=281
[trio-box] iter  107  mean_ep_reward=+36.588  valid_placed=0.744  valid_rate=0.744  fraction_placed=1.000  n_eps=270
[trio-box] iter  108  mean_ep_reward=+53.092  valid_placed=0.736  valid_rate=0.740  fraction_placed=0.996  n_eps=265
[trio-box] iter  109  mean_ep_reward=+117.077  valid_placed=0.788  valid_rate=0.788  fraction_placed=1.000  n_eps=264
[trio-box] iter  110  mean_ep_reward=+112.871  valid_placed=0.739  valid_rate=0.739  fraction_placed=1.000  n_eps=249
[trio-box] iter  111  mean_ep_reward=+90.773  valid_placed=0.814  valid_rate=0.814  fraction_placed=1.000  n_eps=269
[trio-box] iter  112  mean_ep_reward=+135.661  valid_placed=0.894  valid_rate=0.894  fraction_placed=1.000  n_eps=273
[trio-box] iter  113  mean_ep_reward=+139.552  valid_placed=0.844  valid_rate=0.844  fraction_placed=1.000  n_eps=276
[trio-box] iter  114  mean_ep_reward=+127.151  valid_placed=0.828  valid_rate=0.830  fraction_placed=0.998  n_eps=283
[trio-box] iter  115  mean_ep_reward=-443.648  valid_placed=0.542  valid_rate=0.542  fraction_placed=1.000  n_eps=286
[trio-box] iter  116  mean_ep_reward=-140.600  valid_placed=0.727  valid_rate=0.734  fraction_placed=0.994  n_eps=274
[trio-box] iter  117  mean_ep_reward=+97.742  valid_placed=0.793  valid_rate=0.801  fraction_placed=0.993  n_eps=271
[trio-box] iter  118  mean_ep_reward=+117.141  valid_placed=0.829  valid_rate=0.829  fraction_placed=1.000  n_eps=281
[trio-box] iter  119  mean_ep_reward=+86.106  valid_placed=0.848  valid_rate=0.848  fraction_placed=1.000  n_eps=290
[trio-box] iter  120  mean_ep_reward=+69.075  valid_placed=0.836  valid_rate=0.836  fraction_placed=1.000  n_eps=305
[trio-box] iter  121  mean_ep_reward=+55.750  valid_placed=0.770  valid_rate=0.781  fraction_placed=0.989  n_eps=283
[trio-box] iter  122  mean_ep_reward=+105.801  valid_placed=0.873  valid_rate=0.876  fraction_placed=0.997  n_eps=299
[trio-box] iter  123  mean_ep_reward=+143.531  valid_placed=0.909  valid_rate=0.909  fraction_placed=1.000  n_eps=286
[trio-box] iter  124  mean_ep_reward=+116.094  valid_placed=0.799  valid_rate=0.802  fraction_placed=0.996  n_eps=283
[trio-box] iter  125  mean_ep_reward=+132.758  valid_placed=0.836  valid_rate=0.836  fraction_placed=1.000  n_eps=293
[trio-box] iter  126  mean_ep_reward=-27.673  valid_placed=0.818  valid_rate=0.818  fraction_placed=1.000  n_eps=308
[trio-box] iter  127  mean_ep_reward=-7.124  valid_placed=0.820  valid_rate=0.820  fraction_placed=1.000  n_eps=317
[trio-box] iter  128  mean_ep_reward=+95.755  valid_placed=0.819  valid_rate=0.819  fraction_placed=1.000  n_eps=321
[trio-box] iter  129  mean_ep_reward=+140.260  valid_placed=0.895  valid_rate=0.902  fraction_placed=0.993  n_eps=305
[trio-box] iter  130  mean_ep_reward=+110.600  valid_placed=0.840  valid_rate=0.858  fraction_placed=0.983  n_eps=288
[trio-box] iter  131  mean_ep_reward=+27.475  valid_placed=0.807  valid_rate=0.814  fraction_placed=0.993  n_eps=296
[trio-box] iter  132  mean_ep_reward=+68.854  valid_placed=0.854  valid_rate=0.862  fraction_placed=0.993  n_eps=268
[trio-box] iter  133  mean_ep_reward=+133.757  valid_placed=0.908  valid_rate=0.908  fraction_placed=1.000  n_eps=283
[trio-box] iter  134  mean_ep_reward=+84.882  valid_placed=0.816  valid_rate=0.816  fraction_placed=1.000  n_eps=299
[trio-box] iter  135  mean_ep_reward=+31.109  valid_placed=0.779  valid_rate=0.779  fraction_placed=1.000  n_eps=303
[trio-box] iter  136  mean_ep_reward=+82.174  valid_placed=0.785  valid_rate=0.792  fraction_placed=0.993  n_eps=298
[trio-box] iter  137  mean_ep_reward=+136.708  valid_placed=0.850  valid_rate=0.850  fraction_placed=1.000  n_eps=301
[trio-box] iter  138  mean_ep_reward=+48.292  valid_placed=0.805  valid_rate=0.805  fraction_placed=1.000  n_eps=297
[trio-box] iter  139  mean_ep_reward=+137.939  valid_placed=0.905  valid_rate=0.905  fraction_placed=1.000  n_eps=306
[trio-box] iter  140  mean_ep_reward=+128.148  valid_placed=0.860  valid_rate=0.863  fraction_placed=0.997  n_eps=315
[trio-box] iter  141  mean_ep_reward=+136.332  valid_placed=0.818  valid_rate=0.818  fraction_placed=1.000  n_eps=296
[trio-box] iter  142  mean_ep_reward=-28.298  valid_placed=0.817  valid_rate=0.824  fraction_placed=0.993  n_eps=301
[trio-box] iter  143  mean_ep_reward=+72.947  valid_placed=0.849  valid_rate=0.849  fraction_placed=1.000  n_eps=292
[trio-box] iter  144  mean_ep_reward=+136.911  valid_placed=0.881  valid_rate=0.881  fraction_placed=1.000  n_eps=294
[trio-box] iter  145  mean_ep_reward=+119.146  valid_placed=0.861  valid_rate=0.861  fraction_placed=1.000  n_eps=296
[trio-box] iter  146  mean_ep_reward=+143.077  valid_placed=0.907  valid_rate=0.907  fraction_placed=1.000  n_eps=279
[trio-box] iter  147  mean_ep_reward=+134.093  valid_placed=0.919  valid_rate=0.919  fraction_placed=1.000  n_eps=298
[trio-box] iter  148  mean_ep_reward=+145.976  valid_placed=0.906  valid_rate=0.906  fraction_placed=1.000  n_eps=298
[trio-box] promoted by competency
